<?xml version="1.0" encoding="UTF-8"?>
<testsuite xmlns:xsi="http://www.w3.org/2001/XMLSchema-instance" xsi:noNamespaceSchemaLocation="https://maven.apache.org/surefire/maven-surefire-plugin/xsd/surefire-test-report.xsd" version="3.0.2" name="com.example.lms.HibernateLmsApplicationTests" time="8.536" tests="1" errors="0" skipped="0" failures="0">
  <properties>
    <property name="java.specification.version" value="23"/>
    <property name="sun.jnu.encoding" value="UTF-8"/>
    <property name="java.class.path" value="/Users/test/FlywayMigration/target/test-classes:/Users/test/FlywayMigration/target/classes:/Users/test/.m2/repository/org/springframework/boot/spring-boot-starter-web/3.4.2/spring-boot-starter-web-3.4.2.jar:/Users/test/.m2/repository/org/springframework/boot/spring-boot-starter/3.4.2/spring-boot-starter-3.4.2.jar:/Users/test/.m2/repository/org/springframework/boot/spring-boot/3.4.2/spring-boot-3.4.2.jar:/Users/test/.m2/repository/org/springframework/boot/spring-boot-autoconfigure/3.4.2/spring-boot-autoconfigure-3.4.2.jar:/Users/test/.m2/repository/org/springframework/boot/spring-boot-starter-logging/3.4.2/spring-boot-starter-logging-3.4.2.jar:/Users/test/.m2/repository/ch/qos/logback/logback-classic/1.5.16/logback-classic-1.5.16.jar:/Users/test/.m2/repository/ch/qos/logback/logback-core/1.5.16/logback-core-1.5.16.jar:/Users/test/.m2/repository/org/apache/logging/log4j/log4j-to-slf4j/2.24.3/log4j-to-slf4j-2.24.3.jar:/Users/test/.m2/repository/org/apache/logging/log4j/log4j-api/2.24.3/log4j-api-2.24.3.jar:/Users/test/.m2/repository/org/slf4j/jul-to-slf4j/2.0.16/jul-to-slf4j-2.0.16.jar:/Users/test/.m2/repository/jakarta/annotation/jakarta.annotation-api/2.1.1/jakarta.annotation-api-2.1.1.jar:/Users/test/.m2/repository/org/yaml/snakeyaml/2.3/snakeyaml-2.3.jar:/Users/test/.m2/repository/org/springframework/boot/spring-boot-starter-json/3.4.2/spring-boot-starter-json-3.4.2.jar:/Users/test/.m2/repository/com/fasterxml/jackson/datatype/jackson-datatype-jdk8/2.18.2/jackson-datatype-jdk8-2.18.2.jar:/Users/test/.m2/repository/com/fasterxml/jackson/datatype/jackson-datatype-jsr310/2.18.2/jackson-datatype-jsr310-2.18.2.jar:/Users/test/.m2/repository/com/fasterxml/jackson/module/jackson-module-parameter-names/2.18.2/jackson-module-parameter-names-2.18.2.jar:/Users/test/.m2/repository/org/springframework/boot/spring-boot-starter-tomcat/3.4.2/spring-boot-starter-tomcat-3.4.2.jar:/Users/test/.m2/repository/org/apache/tomcat/embed/tomcat-embed-core/10.1.34/tomcat-embed-core-10.1.34.jar:/Users/test/.m2/repository/org/apache/tomcat/embed/tomcat-embed-el/10.1.34/tomcat-embed-el-10.1.34.jar:/Users/test/.m2/repository/org/apache/tomcat/embed/tomcat-embed-websocket/10.1.34/tomcat-embed-websocket-10.1.34.jar:/Users/test/.m2/repository/org/springframework/spring-web/6.2.2/spring-web-6.2.2.jar:/Users/test/.m2/repository/org/springframework/spring-beans/6.2.2/spring-beans-6.2.2.jar:/Users/test/.m2/repository/io/micrometer/micrometer-observation/1.14.3/micrometer-observation-1.14.3.jar:/Users/test/.m2/repository/io/micrometer/micrometer-commons/1.14.3/micrometer-commons-1.14.3.jar:/Users/test/.m2/repository/org/springframework/spring-webmvc/6.2.2/spring-webmvc-6.2.2.jar:/Users/test/.m2/repository/org/springframework/spring-context/6.2.2/spring-context-6.2.2.jar:/Users/test/.m2/repository/org/springframework/spring-expression/6.2.2/spring-expression-6.2.2.jar:/Users/test/.m2/repository/org/springframework/boot/spring-boot-starter-data-jpa/3.4.2/spring-boot-starter-data-jpa-3.4.2.jar:/Users/test/.m2/repository/org/springframework/boot/spring-boot-starter-jdbc/3.4.2/spring-boot-starter-jdbc-3.4.2.jar:/Users/test/.m2/repository/com/zaxxer/HikariCP/5.1.0/HikariCP-5.1.0.jar:/Users/test/.m2/repository/org/springframework/spring-jdbc/6.2.2/spring-jdbc-6.2.2.jar:/Users/test/.m2/repository/org/hibernate/orm/hibernate-core/6.6.5.Final/hibernate-core-6.6.5.Final.jar:/Users/test/.m2/repository/jakarta/persistence/jakarta.persistence-api/3.1.0/jakarta.persistence-api-3.1.0.jar:/Users/test/.m2/repository/jakarta/transaction/jakarta.transaction-api/2.0.1/jakarta.transaction-api-2.0.1.jar:/Users/test/.m2/repository/org/hibernate/common/hibernate-commons-annotations/7.0.3.Final/hibernate-commons-annotations-7.0.3.Final.jar:/Users/test/.m2/repository/io/smallrye/jandex/3.2.0/jandex-3.2.0.jar:/Users/test/.m2/repository/net/bytebuddy/byte-buddy/1.15.11/byte-buddy-1.15.11.jar:/Users/test/.m2/repository/org/glassfish/jaxb/jaxb-runtime/4.0.5/jaxb-runtime-4.0.5.jar:/Users/test/.m2/repository/org/glassfish/jaxb/jaxb-core/4.0.5/jaxb-core-4.0.5.jar:/Users/test/.m2/repository/org/eclipse/angus/angus-activation/2.0.2/angus-activation-2.0.2.jar:/Users/test/.m2/repository/org/glassfish/jaxb/txw2/4.0.5/txw2-4.0.5.jar:/Users/test/.m2/repository/com/sun/istack/istack-commons-runtime/4.1.2/istack-commons-runtime-4.1.2.jar:/Users/test/.m2/repository/jakarta/inject/jakarta.inject-api/2.0.1/jakarta.inject-api-2.0.1.jar:/Users/test/.m2/repository/org/antlr/antlr4-runtime/4.13.0/antlr4-runtime-4.13.0.jar:/Users/test/.m2/repository/org/springframework/data/spring-data-jpa/3.4.2/spring-data-jpa-3.4.2.jar:/Users/test/.m2/repository/org/springframework/data/spring-data-commons/3.4.2/spring-data-commons-3.4.2.jar:/Users/test/.m2/repository/org/springframework/spring-orm/6.2.2/spring-orm-6.2.2.jar:/Users/test/.m2/repository/org/springframework/spring-tx/6.2.2/spring-tx-6.2.2.jar:/Users/test/.m2/repository/org/slf4j/slf4j-api/2.0.16/slf4j-api-2.0.16.jar:/Users/test/.m2/repository/org/springframework/spring-aspects/6.2.2/spring-aspects-6.2.2.jar:/Users/test/.m2/repository/org/aspectj/aspectjweaver/1.9.22.1/aspectjweaver-1.9.22.1.jar:/Users/test/.m2/repository/org/springframework/boot/spring-boot-starter-security/3.4.2/spring-boot-starter-security-3.4.2.jar:/Users/test/.m2/repository/org/springframework/spring-aop/6.2.2/spring-aop-6.2.2.jar:/Users/test/.m2/repository/org/springframework/security/spring-security-config/6.4.2/spring-security-config-6.4.2.jar:/Users/test/.m2/repository/org/springframework/security/spring-security-core/6.4.2/spring-security-core-6.4.2.jar:/Users/test/.m2/repository/org/springframework/security/spring-security-crypto/6.4.2/spring-security-crypto-6.4.2.jar:/Users/test/.m2/repository/org/springframework/security/spring-security-web/6.4.2/spring-security-web-6.4.2.jar:/Users/test/.m2/repository/jakarta/validation/jakarta.validation-api/3.0.2/jakarta.validation-api-3.0.2.jar:/Users/test/.m2/repository/jakarta/servlet/jakarta.servlet-api/6.0.0/jakarta.servlet-api-6.0.0.jar:/Users/test/.m2/repository/io/jsonwebtoken/jjwt-api/0.11.5/jjwt-api-0.11.5.jar:/Users/test/.m2/repository/io/jsonwebtoken/jjwt-impl/0.11.5/jjwt-impl-0.11.5.jar:/Users/test/.m2/repository/io/jsonwebtoken/jjwt-jackson/0.11.5/jjwt-jackson-0.11.5.jar:/Users/test/.m2/repository/com/fasterxml/jackson/core/jackson-databind/2.18.2/jackson-databind-2.18.2.jar:/Users/test/.m2/repository/com/fasterxml/jackson/core/jackson-annotations/2.18.2/jackson-annotations-2.18.2.jar:/Users/test/.m2/repository/com/fasterxml/jackson/core/jackson-core/2.18.2/jackson-core-2.18.2.jar:/Users/test/.m2/repository/jakarta/el/jakarta.el-api/5.0.0/jakarta.el-api-5.0.0.jar:/Users/test/.m2/repository/org/glassfish/expressly/expressly/5.0.0/expressly-5.0.0.jar:/Users/test/.m2/repository/org/hibernate/validator/hibernate-validator/8.0.1.Final/hibernate-validator-8.0.1.Final.jar:/Users/test/.m2/repository/org/jboss/logging/jboss-logging/3.6.1.Final/jboss-logging-3.6.1.Final.jar:/Users/test/.m2/repository/com/fasterxml/classmate/1.7.0/classmate-1.7.0.jar:/Users/test/.m2/repository/org/flywaydb/flyway-core/9.22.3/flyway-core-9.22.3.jar:/Users/test/.m2/repository/com/fasterxml/jackson/dataformat/jackson-dataformat-toml/2.18.2/jackson-dataformat-toml-2.18.2.jar:/Users/test/.m2/repository/com/google/code/gson/gson/2.11.0/gson-2.11.0.jar:/Users/test/.m2/repository/com/google/errorprone/error_prone_annotations/2.27.0/error_prone_annotations-2.27.0.jar:/Users/test/.m2/repository/org/postgresql/postgresql/42.7.5/postgresql-42.7.5.jar:/Users/test/.m2/repository/org/checkerframework/checker-qual/3.48.3/checker-qual-3.48.3.jar:/Users/test/.m2/repository/org/springdoc/springdoc-openapi-starter-webmvc-ui/2.1.0/springdoc-openapi-starter-webmvc-ui-2.1.0.jar:/Users/test/.m2/repository/org/springdoc/springdoc-openapi-starter-webmvc-api/2.1.0/springdoc-openapi-starter-webmvc-api-2.1.0.jar:/Users/test/.m2/repository/org/springdoc/springdoc-openapi-starter-common/2.1.0/springdoc-openapi-starter-common-2.1.0.jar:/Users/test/.m2/repository/io/swagger/core/v3/swagger-core-jakarta/2.2.9/swagger-core-jakarta-2.2.9.jar:/Users/test/.m2/repository/org/apache/commons/commons-lang3/3.17.0/commons-lang3-3.17.0.jar:/Users/test/.m2/repository/io/swagger/core/v3/swagger-annotations-jakarta/2.2.9/swagger-annotations-jakarta-2.2.9.jar:/Users/test/.m2/repository/io/swagger/core/v3/swagger-models-jakarta/2.2.9/swagger-models-jakarta-2.2.9.jar:/Users/test/.m2/repository/com/fasterxml/jackson/dataformat/jackson-dataformat-yaml/2.18.2/jackson-dataformat-yaml-2.18.2.jar:/Users/test/.m2/repository/org/webjars/swagger-ui/4.18.2/swagger-ui-4.18.2.jar:/Users/test/.m2/repository/org/springframework/boot/spring-boot-starter-test/3.4.2/spring-boot-starter-test-3.4.2.jar:/Users/test/.m2/repository/org/springframework/boot/spring-boot-test/3.4.2/spring-boot-test-3.4.2.jar:/Users/test/.m2/repository/org/springframework/boot/spring-boot-test-autoconfigure/3.4.2/spring-boot-test-autoconfigure-3.4.2.jar:/Users/test/.m2/repository/com/jayway/jsonpath/json-path/2.9.0/json-path-2.9.0.jar:/Users/test/.m2/repository/jakarta/xml/bind/jakarta.xml.bind-api/4.0.2/jakarta.xml.bind-api-4.0.2.jar:/Users/test/.m2/repository/jakarta/activation/jakarta.activation-api/2.1.3/jakarta.activation-api-2.1.3.jar:/Users/test/.m2/repository/net/minidev/json-smart/2.5.1/json-smart-2.5.1.jar:/Users/test/.m2/repository/net/minidev/accessors-smart/2.5.1/accessors-smart-2.5.1.jar:/Users/test/.m2/repository/org/ow2/asm/asm/9.6/asm-9.6.jar:/Users/test/.m2/repository/org/assertj/assertj-core/3.26.3/assertj-core-3.26.3.jar:/Users/test/.m2/repository/org/awaitility/awaitility/4.2.2/awaitility-4.2.2.jar:/Users/test/.m2/repository/org/hamcrest/hamcrest/2.2/hamcrest-2.2.jar:/Users/test/.m2/repository/org/junit/jupiter/junit-jupiter/5.11.4/junit-jupiter-5.11.4.jar:/Users/test/.m2/repository/org/junit/jupiter/junit-jupiter-api/5.11.4/junit-jupiter-api-5.11.4.jar:/Users/test/.m2/repository/org/opentest4j/opentest4j/1.3.0/opentest4j-1.3.0.jar:/Users/test/.m2/repository/org/junit/platform/junit-platform-commons/1.11.4/junit-platform-commons-1.11.4.jar:/Users/test/.m2/repository/org/apiguardian/apiguardian-api/1.1.2/apiguardian-api-1.1.2.jar:/Users/test/.m2/repository/org/junit/jupiter/junit-jupiter-params/5.11.4/junit-jupiter-params-5.11.4.jar:/Users/test/.m2/repository/org/junit/jupiter/junit-jupiter-engine/5.11.4/junit-jupiter-engine-5.11.4.jar:/Users/test/.m2/repository/org/junit/platform/junit-platform-engine/1.11.4/junit-platform-engine-1.11.4.jar:/Users/test/.m2/repository/org/mockito/mockito-core/5.14.2/mockito-core-5.14.2.jar:/Users/test/.m2/repository/net/bytebuddy/byte-buddy-agent/1.15.11/byte-buddy-agent-1.15.11.jar:/Users/test/.m2/repository/org/objenesis/objenesis/3.3/objenesis-3.3.jar:/Users/test/.m2/repository/org/mockito/mockito-junit-jupiter/5.14.2/mockito-junit-jupiter-5.14.2.jar:/Users/test/.m2/repository/org/skyscreamer/jsonassert/1.5.3/jsonassert-1.5.3.jar:/Users/test/.m2/repository/com/vaadin/external/google/android-json/0.0.20131108.vaadin1/android-json-0.0.20131108.vaadin1.jar:/Users/test/.m2/repository/org/springframework/spring-core/6.2.2/spring-core-6.2.2.jar:/Users/test/.m2/repository/org/springframework/spring-jcl/6.2.2/spring-jcl-6.2.2.jar:/Users/test/.m2/repository/org/springframework/spring-test/6.2.2/spring-test-6.2.2.jar:/Users/test/.m2/repository/org/xmlunit/xmlunit-core/2.10.0/xmlunit-core-2.10.0.jar:"/>
    <property name="java.vm.vendor" value="Homebrew"/>
    <property name="sun.arch.data.model" value="64"/>
    <property name="java.vendor.url" value="https://github.com/Homebrew/homebrew-core/issues"/>
    <property name="user.timezone" value="Africa/Lagos"/>
    <property name="org.jboss.logging.provider" value="slf4j"/>
    <property name="os.name" value="Mac OS X"/>
    <property name="java.vm.specification.version" value="23"/>
    <property name="APPLICATION_NAME" value="hibernate-lms-application"/>
    <property name="sun.java.launcher" value="SUN_STANDARD"/>
    <property name="user.country" value="GB"/>
    <property name="sun.boot.library.path" value="/usr/local/Cellar/openjdk/23.0.2/libexec/openjdk.jdk/Contents/Home/lib"/>
    <property name="sun.java.command" value="/Users/test/FlywayMigration/target/surefire/surefirebooter-20250304162029184_3.jar /Users/test/FlywayMigration/target/surefire 2025-03-04T16-20-29_070-jvmRun1 surefire-20250304162029184_1tmp surefire_0-20250304162029184_2tmp"/>
    <property name="http.nonProxyHosts" value="local|*.local|169.254/16|*.169.254/16"/>
    <property name="jdk.debug" value="release"/>
    <property name="surefire.test.class.path" value="/Users/test/FlywayMigration/target/test-classes:/Users/test/FlywayMigration/target/classes:/Users/test/.m2/repository/org/springframework/boot/spring-boot-starter-web/3.4.2/spring-boot-starter-web-3.4.2.jar:/Users/test/.m2/repository/org/springframework/boot/spring-boot-starter/3.4.2/spring-boot-starter-3.4.2.jar:/Users/test/.m2/repository/org/springframework/boot/spring-boot/3.4.2/spring-boot-3.4.2.jar:/Users/test/.m2/repository/org/springframework/boot/spring-boot-autoconfigure/3.4.2/spring-boot-autoconfigure-3.4.2.jar:/Users/test/.m2/repository/org/springframework/boot/spring-boot-starter-logging/3.4.2/spring-boot-starter-logging-3.4.2.jar:/Users/test/.m2/repository/ch/qos/logback/logback-classic/1.5.16/logback-classic-1.5.16.jar:/Users/test/.m2/repository/ch/qos/logback/logback-core/1.5.16/logback-core-1.5.16.jar:/Users/test/.m2/repository/org/apache/logging/log4j/log4j-to-slf4j/2.24.3/log4j-to-slf4j-2.24.3.jar:/Users/test/.m2/repository/org/apache/logging/log4j/log4j-api/2.24.3/log4j-api-2.24.3.jar:/Users/test/.m2/repository/org/slf4j/jul-to-slf4j/2.0.16/jul-to-slf4j-2.0.16.jar:/Users/test/.m2/repository/jakarta/annotation/jakarta.annotation-api/2.1.1/jakarta.annotation-api-2.1.1.jar:/Users/test/.m2/repository/org/yaml/snakeyaml/2.3/snakeyaml-2.3.jar:/Users/test/.m2/repository/org/springframework/boot/spring-boot-starter-json/3.4.2/spring-boot-starter-json-3.4.2.jar:/Users/test/.m2/repository/com/fasterxml/jackson/datatype/jackson-datatype-jdk8/2.18.2/jackson-datatype-jdk8-2.18.2.jar:/Users/test/.m2/repository/com/fasterxml/jackson/datatype/jackson-datatype-jsr310/2.18.2/jackson-datatype-jsr310-2.18.2.jar:/Users/test/.m2/repository/com/fasterxml/jackson/module/jackson-module-parameter-names/2.18.2/jackson-module-parameter-names-2.18.2.jar:/Users/test/.m2/repository/org/springframework/boot/spring-boot-starter-tomcat/3.4.2/spring-boot-starter-tomcat-3.4.2.jar:/Users/test/.m2/repository/org/apache/tomcat/embed/tomcat-embed-core/10.1.34/tomcat-embed-core-10.1.34.jar:/Users/test/.m2/repository/org/apache/tomcat/embed/tomcat-embed-el/10.1.34/tomcat-embed-el-10.1.34.jar:/Users/test/.m2/repository/org/apache/tomcat/embed/tomcat-embed-websocket/10.1.34/tomcat-embed-websocket-10.1.34.jar:/Users/test/.m2/repository/org/springframework/spring-web/6.2.2/spring-web-6.2.2.jar:/Users/test/.m2/repository/org/springframework/spring-beans/6.2.2/spring-beans-6.2.2.jar:/Users/test/.m2/repository/io/micrometer/micrometer-observation/1.14.3/micrometer-observation-1.14.3.jar:/Users/test/.m2/repository/io/micrometer/micrometer-commons/1.14.3/micrometer-commons-1.14.3.jar:/Users/test/.m2/repository/org/springframework/spring-webmvc/6.2.2/spring-webmvc-6.2.2.jar:/Users/test/.m2/repository/org/springframework/spring-context/6.2.2/spring-context-6.2.2.jar:/Users/test/.m2/repository/org/springframework/spring-expression/6.2.2/spring-expression-6.2.2.jar:/Users/test/.m2/repository/org/springframework/boot/spring-boot-starter-data-jpa/3.4.2/spring-boot-starter-data-jpa-3.4.2.jar:/Users/test/.m2/repository/org/springframework/boot/spring-boot-starter-jdbc/3.4.2/spring-boot-starter-jdbc-3.4.2.jar:/Users/test/.m2/repository/com/zaxxer/HikariCP/5.1.0/HikariCP-5.1.0.jar:/Users/test/.m2/repository/org/springframework/spring-jdbc/6.2.2/spring-jdbc-6.2.2.jar:/Users/test/.m2/repository/org/hibernate/orm/hibernate-core/6.6.5.Final/hibernate-core-6.6.5.Final.jar:/Users/test/.m2/repository/jakarta/persistence/jakarta.persistence-api/3.1.0/jakarta.persistence-api-3.1.0.jar:/Users/test/.m2/repository/jakarta/transaction/jakarta.transaction-api/2.0.1/jakarta.transaction-api-2.0.1.jar:/Users/test/.m2/repository/org/hibernate/common/hibernate-commons-annotations/7.0.3.Final/hibernate-commons-annotations-7.0.3.Final.jar:/Users/test/.m2/repository/io/smallrye/jandex/3.2.0/jandex-3.2.0.jar:/Users/test/.m2/repository/net/bytebuddy/byte-buddy/1.15.11/byte-buddy-1.15.11.jar:/Users/test/.m2/repository/org/glassfish/jaxb/jaxb-runtime/4.0.5/jaxb-runtime-4.0.5.jar:/Users/test/.m2/repository/org/glassfish/jaxb/jaxb-core/4.0.5/jaxb-core-4.0.5.jar:/Users/test/.m2/repository/org/eclipse/angus/angus-activation/2.0.2/angus-activation-2.0.2.jar:/Users/test/.m2/repository/org/glassfish/jaxb/txw2/4.0.5/txw2-4.0.5.jar:/Users/test/.m2/repository/com/sun/istack/istack-commons-runtime/4.1.2/istack-commons-runtime-4.1.2.jar:/Users/test/.m2/repository/jakarta/inject/jakarta.inject-api/2.0.1/jakarta.inject-api-2.0.1.jar:/Users/test/.m2/repository/org/antlr/antlr4-runtime/4.13.0/antlr4-runtime-4.13.0.jar:/Users/test/.m2/repository/org/springframework/data/spring-data-jpa/3.4.2/spring-data-jpa-3.4.2.jar:/Users/test/.m2/repository/org/springframework/data/spring-data-commons/3.4.2/spring-data-commons-3.4.2.jar:/Users/test/.m2/repository/org/springframework/spring-orm/6.2.2/spring-orm-6.2.2.jar:/Users/test/.m2/repository/org/springframework/spring-tx/6.2.2/spring-tx-6.2.2.jar:/Users/test/.m2/repository/org/slf4j/slf4j-api/2.0.16/slf4j-api-2.0.16.jar:/Users/test/.m2/repository/org/springframework/spring-aspects/6.2.2/spring-aspects-6.2.2.jar:/Users/test/.m2/repository/org/aspectj/aspectjweaver/1.9.22.1/aspectjweaver-1.9.22.1.jar:/Users/test/.m2/repository/org/springframework/boot/spring-boot-starter-security/3.4.2/spring-boot-starter-security-3.4.2.jar:/Users/test/.m2/repository/org/springframework/spring-aop/6.2.2/spring-aop-6.2.2.jar:/Users/test/.m2/repository/org/springframework/security/spring-security-config/6.4.2/spring-security-config-6.4.2.jar:/Users/test/.m2/repository/org/springframework/security/spring-security-core/6.4.2/spring-security-core-6.4.2.jar:/Users/test/.m2/repository/org/springframework/security/spring-security-crypto/6.4.2/spring-security-crypto-6.4.2.jar:/Users/test/.m2/repository/org/springframework/security/spring-security-web/6.4.2/spring-security-web-6.4.2.jar:/Users/test/.m2/repository/jakarta/validation/jakarta.validation-api/3.0.2/jakarta.validation-api-3.0.2.jar:/Users/test/.m2/repository/jakarta/servlet/jakarta.servlet-api/6.0.0/jakarta.servlet-api-6.0.0.jar:/Users/test/.m2/repository/io/jsonwebtoken/jjwt-api/0.11.5/jjwt-api-0.11.5.jar:/Users/test/.m2/repository/io/jsonwebtoken/jjwt-impl/0.11.5/jjwt-impl-0.11.5.jar:/Users/test/.m2/repository/io/jsonwebtoken/jjwt-jackson/0.11.5/jjwt-jackson-0.11.5.jar:/Users/test/.m2/repository/com/fasterxml/jackson/core/jackson-databind/2.18.2/jackson-databind-2.18.2.jar:/Users/test/.m2/repository/com/fasterxml/jackson/core/jackson-annotations/2.18.2/jackson-annotations-2.18.2.jar:/Users/test/.m2/repository/com/fasterxml/jackson/core/jackson-core/2.18.2/jackson-core-2.18.2.jar:/Users/test/.m2/repository/jakarta/el/jakarta.el-api/5.0.0/jakarta.el-api-5.0.0.jar:/Users/test/.m2/repository/org/glassfish/expressly/expressly/5.0.0/expressly-5.0.0.jar:/Users/test/.m2/repository/org/hibernate/validator/hibernate-validator/8.0.1.Final/hibernate-validator-8.0.1.Final.jar:/Users/test/.m2/repository/org/jboss/logging/jboss-logging/3.6.1.Final/jboss-logging-3.6.1.Final.jar:/Users/test/.m2/repository/com/fasterxml/classmate/1.7.0/classmate-1.7.0.jar:/Users/test/.m2/repository/org/flywaydb/flyway-core/9.22.3/flyway-core-9.22.3.jar:/Users/test/.m2/repository/com/fasterxml/jackson/dataformat/jackson-dataformat-toml/2.18.2/jackson-dataformat-toml-2.18.2.jar:/Users/test/.m2/repository/com/google/code/gson/gson/2.11.0/gson-2.11.0.jar:/Users/test/.m2/repository/com/google/errorprone/error_prone_annotations/2.27.0/error_prone_annotations-2.27.0.jar:/Users/test/.m2/repository/org/postgresql/postgresql/42.7.5/postgresql-42.7.5.jar:/Users/test/.m2/repository/org/checkerframework/checker-qual/3.48.3/checker-qual-3.48.3.jar:/Users/test/.m2/repository/org/springdoc/springdoc-openapi-starter-webmvc-ui/2.1.0/springdoc-openapi-starter-webmvc-ui-2.1.0.jar:/Users/test/.m2/repository/org/springdoc/springdoc-openapi-starter-webmvc-api/2.1.0/springdoc-openapi-starter-webmvc-api-2.1.0.jar:/Users/test/.m2/repository/org/springdoc/springdoc-openapi-starter-common/2.1.0/springdoc-openapi-starter-common-2.1.0.jar:/Users/test/.m2/repository/io/swagger/core/v3/swagger-core-jakarta/2.2.9/swagger-core-jakarta-2.2.9.jar:/Users/test/.m2/repository/org/apache/commons/commons-lang3/3.17.0/commons-lang3-3.17.0.jar:/Users/test/.m2/repository/io/swagger/core/v3/swagger-annotations-jakarta/2.2.9/swagger-annotations-jakarta-2.2.9.jar:/Users/test/.m2/repository/io/swagger/core/v3/swagger-models-jakarta/2.2.9/swagger-models-jakarta-2.2.9.jar:/Users/test/.m2/repository/com/fasterxml/jackson/dataformat/jackson-dataformat-yaml/2.18.2/jackson-dataformat-yaml-2.18.2.jar:/Users/test/.m2/repository/org/webjars/swagger-ui/4.18.2/swagger-ui-4.18.2.jar:/Users/test/.m2/repository/org/springframework/boot/spring-boot-starter-test/3.4.2/spring-boot-starter-test-3.4.2.jar:/Users/test/.m2/repository/org/springframework/boot/spring-boot-test/3.4.2/spring-boot-test-3.4.2.jar:/Users/test/.m2/repository/org/springframework/boot/spring-boot-test-autoconfigure/3.4.2/spring-boot-test-autoconfigure-3.4.2.jar:/Users/test/.m2/repository/com/jayway/jsonpath/json-path/2.9.0/json-path-2.9.0.jar:/Users/test/.m2/repository/jakarta/xml/bind/jakarta.xml.bind-api/4.0.2/jakarta.xml.bind-api-4.0.2.jar:/Users/test/.m2/repository/jakarta/activation/jakarta.activation-api/2.1.3/jakarta.activation-api-2.1.3.jar:/Users/test/.m2/repository/net/minidev/json-smart/2.5.1/json-smart-2.5.1.jar:/Users/test/.m2/repository/net/minidev/accessors-smart/2.5.1/accessors-smart-2.5.1.jar:/Users/test/.m2/repository/org/ow2/asm/asm/9.6/asm-9.6.jar:/Users/test/.m2/repository/org/assertj/assertj-core/3.26.3/assertj-core-3.26.3.jar:/Users/test/.m2/repository/org/awaitility/awaitility/4.2.2/awaitility-4.2.2.jar:/Users/test/.m2/repository/org/hamcrest/hamcrest/2.2/hamcrest-2.2.jar:/Users/test/.m2/repository/org/junit/jupiter/junit-jupiter/5.11.4/junit-jupiter-5.11.4.jar:/Users/test/.m2/repository/org/junit/jupiter/junit-jupiter-api/5.11.4/junit-jupiter-api-5.11.4.jar:/Users/test/.m2/repository/org/opentest4j/opentest4j/1.3.0/opentest4j-1.3.0.jar:/Users/test/.m2/repository/org/junit/platform/junit-platform-commons/1.11.4/junit-platform-commons-1.11.4.jar:/Users/test/.m2/repository/org/apiguardian/apiguardian-api/1.1.2/apiguardian-api-1.1.2.jar:/Users/test/.m2/repository/org/junit/jupiter/junit-jupiter-params/5.11.4/junit-jupiter-params-5.11.4.jar:/Users/test/.m2/repository/org/junit/jupiter/junit-jupiter-engine/5.11.4/junit-jupiter-engine-5.11.4.jar:/Users/test/.m2/repository/org/junit/platform/junit-platform-engine/1.11.4/junit-platform-engine-1.11.4.jar:/Users/test/.m2/repository/org/mockito/mockito-core/5.14.2/mockito-core-5.14.2.jar:/Users/test/.m2/repository/net/bytebuddy/byte-buddy-agent/1.15.11/byte-buddy-agent-1.15.11.jar:/Users/test/.m2/repository/org/objenesis/objenesis/3.3/objenesis-3.3.jar:/Users/test/.m2/repository/org/mockito/mockito-junit-jupiter/5.14.2/mockito-junit-jupiter-5.14.2.jar:/Users/test/.m2/repository/org/skyscreamer/jsonassert/1.5.3/jsonassert-1.5.3.jar:/Users/test/.m2/repository/com/vaadin/external/google/android-json/0.0.20131108.vaadin1/android-json-0.0.20131108.vaadin1.jar:/Users/test/.m2/repository/org/springframework/spring-core/6.2.2/spring-core-6.2.2.jar:/Users/test/.m2/repository/org/springframework/spring-jcl/6.2.2/spring-jcl-6.2.2.jar:/Users/test/.m2/repository/org/springframework/spring-test/6.2.2/spring-test-6.2.2.jar:/Users/test/.m2/repository/org/xmlunit/xmlunit-core/2.10.0/xmlunit-core-2.10.0.jar:"/>
    <property name="sun.cpu.endian" value="little"/>
    <property name="user.home" value="/Users/test"/>
    <property name="user.language" value="en"/>
    <property name="java.specification.vendor" value="Oracle Corporation"/>
    <property name="java.version.date" value="2025-01-21"/>
    <property name="java.home" value="/usr/local/Cellar/openjdk/23.0.2/libexec/openjdk.jdk/Contents/Home"/>
    <property name="file.separator" value="/"/>
    <property name="basedir" value="/Users/test/FlywayMigration"/>
    <property name="java.vm.compressedOopsMode" value="Zero based"/>
    <property name="line.separator" value="&#10;"/>
    <property name="java.vm.specification.vendor" value="Oracle Corporation"/>
    <property name="java.specification.name" value="Java Platform API Specification"/>
    <property name="FILE_LOG_CHARSET" value="UTF-8"/>
    <property name="java.awt.headless" value="true"/>
    <property name="apple.awt.application.name" value="ForkedBooter"/>
    <property name="surefire.real.class.path" value="/Users/test/FlywayMigration/target/surefire/surefirebooter-20250304162029184_3.jar"/>
    <property name="sun.management.compiler" value="HotSpot 64-Bit Tiered Compilers"/>
    <property name="ftp.nonProxyHosts" value="local|*.local|169.254/16|*.169.254/16"/>
    <property name="java.runtime.version" value="23.0.2"/>
    <property name="user.name" value="test"/>
    <property name="stdout.encoding" value="UTF-8"/>
    <property name="path.separator" value=":"/>
    <property name="os.version" value="13.7.1"/>
    <property name="java.runtime.name" value="OpenJDK Runtime Environment"/>
    <property name="file.encoding" value="UTF-8"/>
    <property name="java.vm.name" value="OpenJDK 64-Bit Server VM"/>
    <property name="java.vendor.version" value="Homebrew"/>
    <property name="localRepository" value="/Users/test/.m2/repository"/>
    <property name="java.vendor.url.bug" value="https://github.com/Homebrew/homebrew-core/issues"/>
    <property name="java.io.tmpdir" value="/var/folders/jc/f61dg70x3hq12thx8khb52rw0000gn/T/"/>
    <property name="com.zaxxer.hikari.pool_number" value="1"/>
    <property name="java.version" value="23.0.2"/>
    <property name="user.dir" value="/Users/test/FlywayMigration"/>
    <property name="os.arch" value="x86_64"/>
    <property name="java.vm.specification.name" value="Java Virtual Machine Specification"/>
    <property name="PID" value="5321"/>
    <property name="CONSOLE_LOG_CHARSET" value="UTF-8"/>
    <property name="native.encoding" value="UTF-8"/>
    <property name="java.library.path" value="/Users/test/Library/Java/Extensions:/Library/Java/Extensions:/Network/Library/Java/Extensions:/System/Library/Java/Extensions:/usr/lib/java:."/>
    <property name="java.vm.info" value="mixed mode, sharing"/>
    <property name="stderr.encoding" value="UTF-8"/>
    <property name="java.vendor" value="Homebrew"/>
    <property name="java.vm.version" value="23.0.2"/>
    <property name="sun.io.unicode.encoding" value="UnicodeBig"/>
    <property name="socksNonProxyHosts" value="local|*.local|169.254/16|*.169.254/16"/>
    <property name="java.class.version" value="67.0"/>
    <property name="LOGGED_APPLICATION_NAME" value="[hibernate-lms-application] "/>
  </properties>
  <testcase name="contextLoads" classname="com.example.lms.HibernateLmsApplicationTests" time="0.94">
    <system-out><![CDATA[16:20:30.386 [main] INFO org.springframework.test.context.support.AnnotationConfigContextLoaderUtils -- Could not detect default configuration classes for test class [com.example.lms.HibernateLmsApplicationTests]: HibernateLmsApplicationTests does not declare any static, non-private, non-final, nested classes annotated with @Configuration.
16:20:30.558 [main] INFO org.springframework.boot.test.context.SpringBootTestContextBootstrapper -- Found @SpringBootConfiguration com.example.lms.HibernateLmsApplication for test class com.example.lms.HibernateLmsApplicationTests

  .   ____          _            __ _ _
 /\\ / ___'_ __ _ _(_)_ __  __ _ \ \ \ \
( ( )\___ | '_ | '_| | '_ \/ _` | \ \ \ \
 \\/  ___)| |_)| | | | | || (_| |  ) ) ) )
  '  |____| .__|_| |_|_| |_\__, | / / / /
 =========|_|==============|___/=/_/_/_/

 :: Spring Boot ::                (v3.4.2)

2025-03-04T16:20:31.127+01:00  INFO 5321 --- [hibernate-lms-application] [           main] c.e.lms.HibernateLmsApplicationTests     : Starting HibernateLmsApplicationTests using Java 23.0.2 with PID 5321 (started by test in /Users/test/FlywayMigration)
2025-03-04T16:20:31.129+01:00  INFO 5321 --- [hibernate-lms-application] [           main] c.e.lms.HibernateLmsApplicationTests     : The following 1 profile is active: "local"
2025-03-04T16:20:32.350+01:00  INFO 5321 --- [hibernate-lms-application] [           main] .s.d.r.c.RepositoryConfigurationDelegate : Bootstrapping Spring Data JPA repositories in DEFAULT mode.
2025-03-04T16:20:32.507+01:00  INFO 5321 --- [hibernate-lms-application] [           main] .s.d.r.c.RepositoryConfigurationDelegate : Finished Spring Data repository scanning in 141 ms. Found 6 JPA repository interfaces.
2025-03-04T16:20:33.571+01:00  INFO 5321 --- [hibernate-lms-application] [           main] o.f.c.internal.license.VersionPrinter    : Flyway Community Edition 9.22.3 by Redgate
2025-03-04T16:20:33.571+01:00  INFO 5321 --- [hibernate-lms-application] [           main] o.f.c.internal.license.VersionPrinter    : See release notes here: https://rd.gt/416ObMi
2025-03-04T16:20:33.571+01:00  INFO 5321 --- [hibernate-lms-application] [           main] o.f.c.internal.license.VersionPrinter    : 
2025-03-04T16:20:33.637+01:00  INFO 5321 --- [hibernate-lms-application] [           main] org.flywaydb.core.FlywayExecutor         : Database: jdbc:postgresql://localhost:5432/lms (PostgreSQL 15.4)
2025-03-04T16:20:33.689+01:00  INFO 5321 --- [hibernate-lms-application] [           main] o.f.core.internal.command.DbValidate     : Successfully validated 3 migrations (execution time 00:00.027s)
2025-03-04T16:20:33.720+01:00  INFO 5321 --- [hibernate-lms-application] [           main] o.f.core.internal.command.DbMigrate      : Current version of schema "public": 2
2025-03-04T16:20:33.724+01:00  INFO 5321 --- [hibernate-lms-application] [           main] o.f.core.internal.command.DbMigrate      : Schema "public" is up to date. No migration necessary.
2025-03-04T16:20:33.830+01:00  INFO 5321 --- [hibernate-lms-application] [           main] o.hibernate.jpa.internal.util.LogHelper  : HHH000204: Processing PersistenceUnitInfo [name: default]
2025-03-04T16:20:33.900+01:00  INFO 5321 --- [hibernate-lms-application] [           main] org.hibernate.Version                    : HHH000412: Hibernate ORM core version 6.6.5.Final
2025-03-04T16:20:33.945+01:00  INFO 5321 --- [hibernate-lms-application] [           main] o.h.c.internal.RegionFactoryInitiator    : HHH000026: Second-level cache disabled
2025-03-04T16:20:34.345+01:00  INFO 5321 --- [hibernate-lms-application] [           main] o.s.o.j.p.SpringPersistenceUnitInfo      : No LoadTimeWeaver setup: ignoring JPA class transformer
2025-03-04T16:20:34.383+01:00  INFO 5321 --- [hibernate-lms-application] [           main] com.zaxxer.hikari.HikariDataSource       : HikariPool-1 - Starting...
2025-03-04T16:20:34.414+01:00  INFO 5321 --- [hibernate-lms-application] [           main] com.zaxxer.hikari.pool.HikariPool        : HikariPool-1 - Added connection org.postgresql.jdbc.PgConnection@578b2dec
2025-03-04T16:20:34.416+01:00  INFO 5321 --- [hibernate-lms-application] [           main] com.zaxxer.hikari.HikariDataSource       : HikariPool-1 - Start completed.
2025-03-04T16:20:34.454+01:00  WARN 5321 --- [hibernate-lms-application] [           main] org.hibernate.orm.deprecation            : HHH90000025: PostgreSQLDialect does not need to be specified explicitly using 'hibernate.dialect' (remove the property setting and it will be selected by default)
2025-03-04T16:20:34.475+01:00  INFO 5321 --- [hibernate-lms-application] [           main] org.hibernate.orm.connections.pooling    : HHH10001005: Database info:
	Database JDBC URL [Connecting through datasource 'HikariDataSource (HikariPool-1)']
	Database driver: undefined/unknown
	Database version: 15.4
	Autocommit mode: undefined/unknown
	Isolation level: undefined/unknown
	Minimum pool size: undefined/unknown
	Maximum pool size: undefined/unknown
2025-03-04T16:20:35.730+01:00  INFO 5321 --- [hibernate-lms-application] [           main] o.h.e.t.j.p.i.JtaPlatformInitiator       : HHH000489: No JTA platform available (set 'hibernate.transaction.jta.platform' to enable JTA platform integration)
2025-03-04T16:20:35.737+01:00  INFO 5321 --- [hibernate-lms-application] [           main] j.LocalContainerEntityManagerFactoryBean : Initialized JPA EntityManagerFactory for persistence unit 'default'
2025-03-04T16:20:36.305+01:00  INFO 5321 --- [hibernate-lms-application] [           main] eAuthenticationProviderManagerConfigurer : Global AuthenticationManager configured with AuthenticationProvider bean with name authenticationProvider
2025-03-04T16:20:36.306+01:00  WARN 5321 --- [hibernate-lms-application] [           main] r$InitializeUserDetailsManagerConfigurer : Global AuthenticationManager configured with an AuthenticationProvider bean. UserDetailsService beans will not be used by Spring Security for automatically configuring username/password login. Consider removing the AuthenticationProvider bean. Alternatively, consider using the UserDetailsService in a manually instantiated DaoAuthenticationProvider. If the current configuration is intentional, to turn off this warning, increase the logging level of 'org.springframework.security.config.annotation.authentication.configuration.InitializeUserDetailsBeanManagerConfigurer' to ERROR
2025-03-04T16:20:36.559+01:00  WARN 5321 --- [hibernate-lms-application] [           main] JpaBaseConfiguration$JpaWebConfiguration : spring.jpa.open-in-view is enabled by default. Therefore, database queries may be performed during view rendering. Explicitly configure spring.jpa.open-in-view to disable this warning
2025-03-04T16:20:37.715+01:00  INFO 5321 --- [hibernate-lms-application] [           main] c.e.lms.HibernateLmsApplicationTests     : Started HibernateLmsApplicationTests in 6.956 seconds (process running for 8.417)
]]></system-out>
    <system-err><![CDATA[Mockito is currently self-attaching to enable the inline-mock-maker. This will no longer work in future releases of the JDK. Please add Mockito as an agent to your build what is described in Mockito's documentation: https://javadoc.io/doc/org.mockito/mockito-core/latest/org/mockito/Mockito.html#0.3
WARNING: A Java agent has been loaded dynamically (/Users/test/.m2/repository/net/bytebuddy/byte-buddy-agent/1.15.11/byte-buddy-agent-1.15.11.jar)
WARNING: If a serviceability tool is in use, please run with -XX:+EnableDynamicAgentLoading to hide this warning
WARNING: If a serviceability tool is not in use, please run with -Djdk.instrument.traceUsage for more information
WARNING: Dynamic loading of agents will be disallowed by default in a future release
]]></system-err>
  </testcase>
</testsuite>