<?xml version="1.0" encoding="UTF-8"?>
<testsuite xmlns:xsi="http://www.w3.org/2001/XMLSchema-instance" xsi:noNamespaceSchemaLocation="https://maven.apache.org/surefire/maven-surefire-plugin/xsd/surefire-test-report.xsd" version="3.0.2" name="com.example.lms.HibernateLmsApplicationTests" time="11.978" tests="1" errors="0" skipped="0" failures="0">
  <properties>
    <property name="java.specification.version" value="23"/>
    <property name="sun.jnu.encoding" value="UTF-8"/>
    <property name="java.class.path" value="/Users/test/FlywayMigration/target/test-classes:/Users/test/FlywayMigration/target/classes:/Users/test/.m2/repository/org/springframework/boot/spring-boot-starter-web/3.4.2/spring-boot-starter-web-3.4.2.jar:/Users/test/.m2/repository/org/springframework/boot/spring-boot-starter/3.4.2/spring-boot-starter-3.4.2.jar:/Users/test/.m2/repository/org/springframework/boot/spring-boot-starter-logging/3.4.2/spring-boot-starter-logging-3.4.2.jar:/Users/test/.m2/repository/ch/qos/logback/logback-classic/1.5.16/logback-classic-1.5.16.jar:/Users/test/.m2/repository/ch/qos/logback/logback-core/1.5.16/logback-core-1.5.16.jar:/Users/test/.m2/repository/org/apache/logging/log4j/log4j-to-slf4j/2.24.3/log4j-to-slf4j-2.24.3.jar:/Users/test/.m2/repository/org/apache/logging/log4j/log4j-api/2.24.3/log4j-api-2.24.3.jar:/Users/test/.m2/repository/org/slf4j/jul-to-slf4j/2.0.16/jul-to-slf4j-2.0.16.jar:/Users/test/.m2/repository/jakarta/annotation/jakarta.annotation-api/2.1.1/jakarta.annotation-api-2.1.1.jar:/Users/test/.m2/repository/org/yaml/snakeyaml/2.3/snakeyaml-2.3.jar:/Users/test/.m2/repository/org/springframework/boot/spring-boot-starter-json/3.4.2/spring-boot-starter-json-3.4.2.jar:/Users/test/.m2/repository/com/fasterxml/jackson/datatype/jackson-datatype-jdk8/2.18.2/jackson-datatype-jdk8-2.18.2.jar:/Users/test/.m2/repository/com/fasterxml/jackson/module/jackson-module-parameter-names/2.18.2/jackson-module-parameter-names-2.18.2.jar:/Users/test/.m2/repository/org/springframework/boot/spring-boot-starter-tomcat/3.4.2/spring-boot-starter-tomcat-3.4.2.jar:/Users/test/.m2/repository/org/apache/tomcat/embed/tomcat-embed-core/10.1.34/tomcat-embed-core-10.1.34.jar:/Users/test/.m2/repository/org/apache/tomcat/embed/tomcat-embed-el/10.1.34/tomcat-embed-el-10.1.34.jar:/Users/test/.m2/repository/org/apache/tomcat/embed/tomcat-embed-websocket/10.1.34/tomcat-embed-websocket-10.1.34.jar:/Users/test/.m2/repository/org/springframework/spring-web/6.2.2/spring-web-6.2.2.jar:/Users/test/.m2/repository/org/springframework/spring-beans/6.2.2/spring-beans-6.2.2.jar:/Users/test/.m2/repository/io/micrometer/micrometer-observation/1.14.3/micrometer-observation-1.14.3.jar:/Users/test/.m2/repository/io/micrometer/micrometer-commons/1.14.3/micrometer-commons-1.14.3.jar:/Users/test/.m2/repository/org/springframework/spring-webmvc/6.2.2/spring-webmvc-6.2.2.jar:/Users/test/.m2/repository/org/springframework/spring-context/6.2.2/spring-context-6.2.2.jar:/Users/test/.m2/repository/org/springframework/spring-expression/6.2.2/spring-expression-6.2.2.jar:/Users/test/.m2/repository/org/springframework/boot/spring-boot-starter-data-jpa/3.4.2/spring-boot-starter-data-jpa-3.4.2.jar:/Users/test/.m2/repository/org/springframework/boot/spring-boot-starter-jdbc/3.4.2/spring-boot-starter-jdbc-3.4.2.jar:/Users/test/.m2/repository/com/zaxxer/HikariCP/5.1.0/HikariCP-5.1.0.jar:/Users/test/.m2/repository/org/springframework/spring-jdbc/6.2.2/spring-jdbc-6.2.2.jar:/Users/test/.m2/repository/org/hibernate/orm/hibernate-core/6.6.5.Final/hibernate-core-6.6.5.Final.jar:/Users/test/.m2/repository/jakarta/persistence/jakarta.persistence-api/3.1.0/jakarta.persistence-api-3.1.0.jar:/Users/test/.m2/repository/jakarta/transaction/jakarta.transaction-api/2.0.1/jakarta.transaction-api-2.0.1.jar:/Users/test/.m2/repository/org/hibernate/common/hibernate-commons-annotations/7.0.3.Final/hibernate-commons-annotations-7.0.3.Final.jar:/Users/test/.m2/repository/io/smallrye/jandex/3.2.0/jandex-3.2.0.jar:/Users/test/.m2/repository/org/glassfish/jaxb/jaxb-runtime/4.0.5/jaxb-runtime-4.0.5.jar:/Users/test/.m2/repository/org/glassfish/jaxb/jaxb-core/4.0.5/jaxb-core-4.0.5.jar:/Users/test/.m2/repository/org/glassfish/jaxb/txw2/4.0.5/txw2-4.0.5.jar:/Users/test/.m2/repository/com/sun/istack/istack-commons-runtime/4.1.2/istack-commons-runtime-4.1.2.jar:/Users/test/.m2/repository/jakarta/inject/jakarta.inject-api/2.0.1/jakarta.inject-api-2.0.1.jar:/Users/test/.m2/repository/org/antlr/antlr4-runtime/4.13.0/antlr4-runtime-4.13.0.jar:/Users/test/.m2/repository/org/springframework/data/spring-data-jpa/3.4.2/spring-data-jpa-3.4.2.jar:/Users/test/.m2/repository/org/springframework/data/spring-data-commons/3.4.2/spring-data-commons-3.4.2.jar:/Users/test/.m2/repository/org/springframework/spring-orm/6.2.2/spring-orm-6.2.2.jar:/Users/test/.m2/repository/org/springframework/spring-tx/6.2.2/spring-tx-6.2.2.jar:/Users/test/.m2/repository/org/springframework/spring-aspects/6.2.2/spring-aspects-6.2.2.jar:/Users/test/.m2/repository/org/aspectj/aspectjweaver/1.9.22.1/aspectjweaver-1.9.22.1.jar:/Users/test/.m2/repository/org/springframework/boot/spring-boot-starter-security/3.4.2/spring-boot-starter-security-3.4.2.jar:/Users/test/.m2/repository/org/springframework/spring-aop/6.2.2/spring-aop-6.2.2.jar:/Users/test/.m2/repository/org/springframework/security/spring-security-config/6.4.2/spring-security-config-6.4.2.jar:/Users/test/.m2/repository/org/springframework/security/spring-security-web/6.4.2/spring-security-web-6.4.2.jar:/Users/test/.m2/repository/jakarta/validation/jakarta.validation-api/3.0.2/jakarta.validation-api-3.0.2.jar:/Users/test/.m2/repository/jakarta/servlet/jakarta.servlet-api/6.0.0/jakarta.servlet-api-6.0.0.jar:/Users/test/.m2/repository/io/jsonwebtoken/jjwt-api/0.11.5/jjwt-api-0.11.5.jar:/Users/test/.m2/repository/io/jsonwebtoken/jjwt-impl/0.11.5/jjwt-impl-0.11.5.jar:/Users/test/.m2/repository/io/jsonwebtoken/jjwt-jackson/0.11.5/jjwt-jackson-0.11.5.jar:/Users/test/.m2/repository/com/fasterxml/jackson/core/jackson-databind/2.18.2/jackson-databind-2.18.2.jar:/Users/test/.m2/repository/jakarta/el/jakarta.el-api/5.0.0/jakarta.el-api-5.0.0.jar:/Users/test/.m2/repository/org/glassfish/expressly/expressly/5.0.0/expressly-5.0.0.jar:/Users/test/.m2/repository/org/springframework/boot/spring-boot-starter-oauth2-client/3.4.2/spring-boot-starter-oauth2-client-3.4.2.jar:/Users/test/.m2/repository/org/springframework/security/spring-security-core/6.4.2/spring-security-core-6.4.2.jar:/Users/test/.m2/repository/org/springframework/security/spring-security-crypto/6.4.2/spring-security-crypto-6.4.2.jar:/Users/test/.m2/repository/org/springframework/security/spring-security-oauth2-client/6.4.2/spring-security-oauth2-client-6.4.2.jar:/Users/test/.m2/repository/org/springframework/security/spring-security-oauth2-core/6.4.2/spring-security-oauth2-core-6.4.2.jar:/Users/test/.m2/repository/com/nimbusds/oauth2-oidc-sdk/9.43.4/oauth2-oidc-sdk-9.43.4.jar:/Users/test/.m2/repository/com/github/stephenc/jcip/jcip-annotations/1.0-1/jcip-annotations-1.0-1.jar:/Users/test/.m2/repository/com/nimbusds/content-type/2.2/content-type-2.2.jar:/Users/test/.m2/repository/com/nimbusds/lang-tag/1.7/lang-tag-1.7.jar:/Users/test/.m2/repository/org/springframework/security/spring-security-oauth2-jose/6.4.2/spring-security-oauth2-jose-6.4.2.jar:/Users/test/.m2/repository/com/nimbusds/nimbus-jose-jwt/9.37.3/nimbus-jose-jwt-9.37.3.jar:/Users/test/.m2/repository/org/hibernate/validator/hibernate-validator/8.0.1.Final/hibernate-validator-8.0.1.Final.jar:/Users/test/.m2/repository/org/jboss/logging/jboss-logging/3.6.1.Final/jboss-logging-3.6.1.Final.jar:/Users/test/.m2/repository/com/fasterxml/classmate/1.7.0/classmate-1.7.0.jar:/Users/test/.m2/repository/org/flywaydb/flyway-core/9.22.3/flyway-core-9.22.3.jar:/Users/test/.m2/repository/com/fasterxml/jackson/dataformat/jackson-dataformat-toml/2.18.2/jackson-dataformat-toml-2.18.2.jar:/Users/test/.m2/repository/com/google/code/gson/gson/2.11.0/gson-2.11.0.jar:/Users/test/.m2/repository/com/google/errorprone/error_prone_annotations/2.27.0/error_prone_annotations-2.27.0.jar:/Users/test/.m2/repository/org/postgresql/postgresql/42.7.5/postgresql-42.7.5.jar:/Users/test/.m2/repository/org/checkerframework/checker-qual/3.48.3/checker-qual-3.48.3.jar:/Users/test/.m2/repository/org/springframework/boot/spring-boot-starter-websocket/3.4.2/spring-boot-starter-websocket-3.4.2.jar:/Users/test/.m2/repository/org/springframework/spring-messaging/6.2.2/spring-messaging-6.2.2.jar:/Users/test/.m2/repository/org/springframework/spring-websocket/6.2.2/spring-websocket-6.2.2.jar:/Users/test/.m2/repository/org/springframework/boot/spring-boot-starter-amqp/3.4.2/spring-boot-starter-amqp-3.4.2.jar:/Users/test/.m2/repository/org/springframework/amqp/spring-rabbit/3.2.2/spring-rabbit-3.2.2.jar:/Users/test/.m2/repository/org/springframework/amqp/spring-amqp/3.2.2/spring-amqp-3.2.2.jar:/Users/test/.m2/repository/org/springframework/retry/spring-retry/2.0.11/spring-retry-2.0.11.jar:/Users/test/.m2/repository/com/rabbitmq/amqp-client/5.22.0/amqp-client-5.22.0.jar:/Users/test/.m2/repository/org/springframework/boot/spring-boot-starter-thymeleaf/3.4.2/spring-boot-starter-thymeleaf-3.4.2.jar:/Users/test/.m2/repository/org/thymeleaf/thymeleaf-spring6/3.1.3.RELEASE/thymeleaf-spring6-3.1.3.RELEASE.jar:/Users/test/.m2/repository/org/thymeleaf/thymeleaf/3.1.3.RELEASE/thymeleaf-3.1.3.RELEASE.jar:/Users/test/.m2/repository/org/attoparser/attoparser/2.0.7.RELEASE/attoparser-2.0.7.RELEASE.jar:/Users/test/.m2/repository/org/unbescape/unbescape/1.1.6.RELEASE/unbescape-1.1.6.RELEASE.jar:/Users/test/.m2/repository/org/springdoc/springdoc-openapi-starter-webmvc-ui/2.8.6/springdoc-openapi-starter-webmvc-ui-2.8.6.jar:/Users/test/.m2/repository/org/springdoc/springdoc-openapi-starter-webmvc-api/2.8.6/springdoc-openapi-starter-webmvc-api-2.8.6.jar:/Users/test/.m2/repository/org/springdoc/springdoc-openapi-starter-common/2.8.6/springdoc-openapi-starter-common-2.8.6.jar:/Users/test/.m2/repository/io/swagger/core/v3/swagger-core-jakarta/2.2.29/swagger-core-jakarta-2.2.29.jar:/Users/test/.m2/repository/io/swagger/core/v3/swagger-annotations-jakarta/2.2.29/swagger-annotations-jakarta-2.2.29.jar:/Users/test/.m2/repository/io/swagger/core/v3/swagger-models-jakarta/2.2.29/swagger-models-jakarta-2.2.29.jar:/Users/test/.m2/repository/com/fasterxml/jackson/dataformat/jackson-dataformat-yaml/2.18.2/jackson-dataformat-yaml-2.18.2.jar:/Users/test/.m2/repository/org/webjars/swagger-ui/5.20.1/swagger-ui-5.20.1.jar:/Users/test/.m2/repository/org/webjars/webjars-locator-lite/1.0.1/webjars-locator-lite-1.0.1.jar:/Users/test/.m2/repository/org/jspecify/jspecify/1.0.0/jspecify-1.0.0.jar:/Users/test/.m2/repository/org/springframework/boot/spring-boot-starter-mail/3.4.2/spring-boot-starter-mail-3.4.2.jar:/Users/test/.m2/repository/org/springframework/spring-context-support/6.2.2/spring-context-support-6.2.2.jar:/Users/test/.m2/repository/org/eclipse/angus/jakarta.mail/2.0.3/jakarta.mail-2.0.3.jar:/Users/test/.m2/repository/jakarta/activation/jakarta.activation-api/2.1.3/jakarta.activation-api-2.1.3.jar:/Users/test/.m2/repository/org/eclipse/angus/angus-activation/2.0.2/angus-activation-2.0.2.jar:/Users/test/.m2/repository/com/twilio/sdk/twilio/9.0.0/twilio-9.0.0.jar:/Users/test/.m2/repository/commons-codec/commons-codec/1.17.2/commons-codec-1.17.2.jar:/Users/test/.m2/repository/commons-io/commons-io/2.7/commons-io-2.7.jar:/Users/test/.m2/repository/org/apache/httpcomponents/httpclient/4.5.13/httpclient-4.5.13.jar:/Users/test/.m2/repository/commons-logging/commons-logging/1.2/commons-logging-1.2.jar:/Users/test/.m2/repository/org/apache/httpcomponents/httpcore/4.4.16/httpcore-4.4.16.jar:/Users/test/.m2/repository/com/fasterxml/jackson/core/jackson-core/2.18.2/jackson-core-2.18.2.jar:/Users/test/.m2/repository/com/fasterxml/jackson/core/jackson-annotations/2.18.2/jackson-annotations-2.18.2.jar:/Users/test/.m2/repository/com/fasterxml/jackson/datatype/jackson-datatype-jsr310/2.18.2/jackson-datatype-jsr310-2.18.2.jar:/Users/test/.m2/repository/com/fasterxml/jackson/dataformat/jackson-dataformat-xml/2.18.2/jackson-dataformat-xml-2.18.2.jar:/Users/test/.m2/repository/org/codehaus/woodstox/stax2-api/4.2.2/stax2-api-4.2.2.jar:/Users/test/.m2/repository/com/fasterxml/woodstox/woodstox-core/7.0.0/woodstox-core-7.0.0.jar:/Users/test/.m2/repository/org/slf4j/slf4j-api/2.0.16/slf4j-api-2.0.16.jar:/Users/test/.m2/repository/javax/xml/bind/jaxb-api/2.3.1/jaxb-api-2.3.1.jar:/Users/test/.m2/repository/javax/activation/javax.activation-api/1.2.0/javax.activation-api-1.2.0.jar:/Users/test/.m2/repository/org/json/json/20220320/json-20220320.jar:/Users/test/.m2/repository/org/springframework/boot/spring-boot-starter-test/3.4.2/spring-boot-starter-test-3.4.2.jar:/Users/test/.m2/repository/org/springframework/boot/spring-boot-test/3.4.2/spring-boot-test-3.4.2.jar:/Users/test/.m2/repository/org/springframework/boot/spring-boot-test-autoconfigure/3.4.2/spring-boot-test-autoconfigure-3.4.2.jar:/Users/test/.m2/repository/com/jayway/jsonpath/json-path/2.9.0/json-path-2.9.0.jar:/Users/test/.m2/repository/jakarta/xml/bind/jakarta.xml.bind-api/4.0.2/jakarta.xml.bind-api-4.0.2.jar:/Users/test/.m2/repository/net/minidev/json-smart/2.5.1/json-smart-2.5.1.jar:/Users/test/.m2/repository/net/minidev/accessors-smart/2.5.1/accessors-smart-2.5.1.jar:/Users/test/.m2/repository/org/ow2/asm/asm/9.6/asm-9.6.jar:/Users/test/.m2/repository/org/assertj/assertj-core/3.26.3/assertj-core-3.26.3.jar:/Users/test/.m2/repository/org/awaitility/awaitility/4.2.2/awaitility-4.2.2.jar:/Users/test/.m2/repository/org/hamcrest/hamcrest/2.2/hamcrest-2.2.jar:/Users/test/.m2/repository/org/junit/jupiter/junit-jupiter/5.11.4/junit-jupiter-5.11.4.jar:/Users/test/.m2/repository/org/junit/jupiter/junit-jupiter-api/5.11.4/junit-jupiter-api-5.11.4.jar:/Users/test/.m2/repository/org/opentest4j/opentest4j/1.3.0/opentest4j-1.3.0.jar:/Users/test/.m2/repository/org/junit/platform/junit-platform-commons/1.11.4/junit-platform-commons-1.11.4.jar:/Users/test/.m2/repository/org/apiguardian/apiguardian-api/1.1.2/apiguardian-api-1.1.2.jar:/Users/test/.m2/repository/org/junit/jupiter/junit-jupiter-params/5.11.4/junit-jupiter-params-5.11.4.jar:/Users/test/.m2/repository/org/junit/jupiter/junit-jupiter-engine/5.11.4/junit-jupiter-engine-5.11.4.jar:/Users/test/.m2/repository/org/junit/platform/junit-platform-engine/1.11.4/junit-platform-engine-1.11.4.jar:/Users/test/.m2/repository/org/mockito/mockito-junit-jupiter/5.14.2/mockito-junit-jupiter-5.14.2.jar:/Users/test/.m2/repository/org/skyscreamer/jsonassert/1.5.3/jsonassert-1.5.3.jar:/Users/test/.m2/repository/com/vaadin/external/google/android-json/0.0.20131108.vaadin1/android-json-0.0.20131108.vaadin1.jar:/Users/test/.m2/repository/org/springframework/spring-core/6.2.2/spring-core-6.2.2.jar:/Users/test/.m2/repository/org/springframework/spring-jcl/6.2.2/spring-jcl-6.2.2.jar:/Users/test/.m2/repository/org/springframework/spring-test/6.2.2/spring-test-6.2.2.jar:/Users/test/.m2/repository/org/xmlunit/xmlunit-core/2.10.0/xmlunit-core-2.10.0.jar:/Users/test/.m2/repository/org/mockito/mockito-core/5.14.2/mockito-core-5.14.2.jar:/Users/test/.m2/repository/net/bytebuddy/byte-buddy/1.15.11/byte-buddy-1.15.11.jar:/Users/test/.m2/repository/net/bytebuddy/byte-buddy-agent/1.15.11/byte-buddy-agent-1.15.11.jar:/Users/test/.m2/repository/org/objenesis/objenesis/3.3/objenesis-3.3.jar:/Users/test/.m2/repository/com/h2database/h2/2.3.232/h2-2.3.232.jar:/Users/test/.m2/repository/org/springframework/boot/spring-boot-autoconfigure/3.4.2/spring-boot-autoconfigure-3.4.2.jar:/Users/test/.m2/repository/org/springframework/boot/spring-boot/3.4.2/spring-boot-3.4.2.jar:/Users/test/.m2/repository/com/cloudinary/cloudinary-http44/1.33.0/cloudinary-http44-1.33.0.jar:/Users/test/.m2/repository/com/cloudinary/cloudinary-core/1.33.0/cloudinary-core-1.33.0.jar:/Users/test/.m2/repository/org/apache/commons/commons-lang3/3.17.0/commons-lang3-3.17.0.jar:/Users/test/.m2/repository/org/apache/httpcomponents/httpmime/4.4/httpmime-4.4.jar:"/>
    <property name="java.vm.vendor" value="Homebrew"/>
    <property name="sun.arch.data.model" value="64"/>
    <property name="java.vendor.url" value="https://github.com/Homebrew/homebrew-core/issues"/>
    <property name="user.timezone" value="Africa/Lagos"/>
    <property name="org.jboss.logging.provider" value="slf4j"/>
    <property name="os.name" value="Mac OS X"/>
    <property name="java.vm.specification.version" value="23"/>
    <property name="APPLICATION_NAME" value="hibernate-lms-application"/>
    <property name="sun.java.launcher" value="SUN_STANDARD"/>
    <property name="user.country" value="GB"/>
    <property name="sun.boot.library.path" value="/usr/local/Cellar/openjdk/23.0.2/libexec/openjdk.jdk/Contents/Home/lib"/>
    <property name="sun.java.command" value="/Users/test/FlywayMigration/target/surefire/surefirebooter-20250612234003608_3.jar /Users/test/FlywayMigration/target/surefire 2025-06-12T23-40-03_452-jvmRun1 surefire-20250612234003608_1tmp surefire_0-20250612234003608_2tmp"/>
    <property name="http.nonProxyHosts" value="local|*.local|169.254/16|*.169.254/16"/>
    <property name="jdk.debug" value="release"/>
    <property name="surefire.test.class.path" value="/Users/test/FlywayMigration/target/test-classes:/Users/test/FlywayMigration/target/classes:/Users/test/.m2/repository/org/springframework/boot/spring-boot-starter-web/3.4.2/spring-boot-starter-web-3.4.2.jar:/Users/test/.m2/repository/org/springframework/boot/spring-boot-starter/3.4.2/spring-boot-starter-3.4.2.jar:/Users/test/.m2/repository/org/springframework/boot/spring-boot-starter-logging/3.4.2/spring-boot-starter-logging-3.4.2.jar:/Users/test/.m2/repository/ch/qos/logback/logback-classic/1.5.16/logback-classic-1.5.16.jar:/Users/test/.m2/repository/ch/qos/logback/logback-core/1.5.16/logback-core-1.5.16.jar:/Users/test/.m2/repository/org/apache/logging/log4j/log4j-to-slf4j/2.24.3/log4j-to-slf4j-2.24.3.jar:/Users/test/.m2/repository/org/apache/logging/log4j/log4j-api/2.24.3/log4j-api-2.24.3.jar:/Users/test/.m2/repository/org/slf4j/jul-to-slf4j/2.0.16/jul-to-slf4j-2.0.16.jar:/Users/test/.m2/repository/jakarta/annotation/jakarta.annotation-api/2.1.1/jakarta.annotation-api-2.1.1.jar:/Users/test/.m2/repository/org/yaml/snakeyaml/2.3/snakeyaml-2.3.jar:/Users/test/.m2/repository/org/springframework/boot/spring-boot-starter-json/3.4.2/spring-boot-starter-json-3.4.2.jar:/Users/test/.m2/repository/com/fasterxml/jackson/datatype/jackson-datatype-jdk8/2.18.2/jackson-datatype-jdk8-2.18.2.jar:/Users/test/.m2/repository/com/fasterxml/jackson/module/jackson-module-parameter-names/2.18.2/jackson-module-parameter-names-2.18.2.jar:/Users/test/.m2/repository/org/springframework/boot/spring-boot-starter-tomcat/3.4.2/spring-boot-starter-tomcat-3.4.2.jar:/Users/test/.m2/repository/org/apache/tomcat/embed/tomcat-embed-core/10.1.34/tomcat-embed-core-10.1.34.jar:/Users/test/.m2/repository/org/apache/tomcat/embed/tomcat-embed-el/10.1.34/tomcat-embed-el-10.1.34.jar:/Users/test/.m2/repository/org/apache/tomcat/embed/tomcat-embed-websocket/10.1.34/tomcat-embed-websocket-10.1.34.jar:/Users/test/.m2/repository/org/springframework/spring-web/6.2.2/spring-web-6.2.2.jar:/Users/test/.m2/repository/org/springframework/spring-beans/6.2.2/spring-beans-6.2.2.jar:/Users/test/.m2/repository/io/micrometer/micrometer-observation/1.14.3/micrometer-observation-1.14.3.jar:/Users/test/.m2/repository/io/micrometer/micrometer-commons/1.14.3/micrometer-commons-1.14.3.jar:/Users/test/.m2/repository/org/springframework/spring-webmvc/6.2.2/spring-webmvc-6.2.2.jar:/Users/test/.m2/repository/org/springframework/spring-context/6.2.2/spring-context-6.2.2.jar:/Users/test/.m2/repository/org/springframework/spring-expression/6.2.2/spring-expression-6.2.2.jar:/Users/test/.m2/repository/org/springframework/boot/spring-boot-starter-data-jpa/3.4.2/spring-boot-starter-data-jpa-3.4.2.jar:/Users/test/.m2/repository/org/springframework/boot/spring-boot-starter-jdbc/3.4.2/spring-boot-starter-jdbc-3.4.2.jar:/Users/test/.m2/repository/com/zaxxer/HikariCP/5.1.0/HikariCP-5.1.0.jar:/Users/test/.m2/repository/org/springframework/spring-jdbc/6.2.2/spring-jdbc-6.2.2.jar:/Users/test/.m2/repository/org/hibernate/orm/hibernate-core/6.6.5.Final/hibernate-core-6.6.5.Final.jar:/Users/test/.m2/repository/jakarta/persistence/jakarta.persistence-api/3.1.0/jakarta.persistence-api-3.1.0.jar:/Users/test/.m2/repository/jakarta/transaction/jakarta.transaction-api/2.0.1/jakarta.transaction-api-2.0.1.jar:/Users/test/.m2/repository/org/hibernate/common/hibernate-commons-annotations/7.0.3.Final/hibernate-commons-annotations-7.0.3.Final.jar:/Users/test/.m2/repository/io/smallrye/jandex/3.2.0/jandex-3.2.0.jar:/Users/test/.m2/repository/org/glassfish/jaxb/jaxb-runtime/4.0.5/jaxb-runtime-4.0.5.jar:/Users/test/.m2/repository/org/glassfish/jaxb/jaxb-core/4.0.5/jaxb-core-4.0.5.jar:/Users/test/.m2/repository/org/glassfish/jaxb/txw2/4.0.5/txw2-4.0.5.jar:/Users/test/.m2/repository/com/sun/istack/istack-commons-runtime/4.1.2/istack-commons-runtime-4.1.2.jar:/Users/test/.m2/repository/jakarta/inject/jakarta.inject-api/2.0.1/jakarta.inject-api-2.0.1.jar:/Users/test/.m2/repository/org/antlr/antlr4-runtime/4.13.0/antlr4-runtime-4.13.0.jar:/Users/test/.m2/repository/org/springframework/data/spring-data-jpa/3.4.2/spring-data-jpa-3.4.2.jar:/Users/test/.m2/repository/org/springframework/data/spring-data-commons/3.4.2/spring-data-commons-3.4.2.jar:/Users/test/.m2/repository/org/springframework/spring-orm/6.2.2/spring-orm-6.2.2.jar:/Users/test/.m2/repository/org/springframework/spring-tx/6.2.2/spring-tx-6.2.2.jar:/Users/test/.m2/repository/org/springframework/spring-aspects/6.2.2/spring-aspects-6.2.2.jar:/Users/test/.m2/repository/org/aspectj/aspectjweaver/1.9.22.1/aspectjweaver-1.9.22.1.jar:/Users/test/.m2/repository/org/springframework/boot/spring-boot-starter-security/3.4.2/spring-boot-starter-security-3.4.2.jar:/Users/test/.m2/repository/org/springframework/spring-aop/6.2.2/spring-aop-6.2.2.jar:/Users/test/.m2/repository/org/springframework/security/spring-security-config/6.4.2/spring-security-config-6.4.2.jar:/Users/test/.m2/repository/org/springframework/security/spring-security-web/6.4.2/spring-security-web-6.4.2.jar:/Users/test/.m2/repository/jakarta/validation/jakarta.validation-api/3.0.2/jakarta.validation-api-3.0.2.jar:/Users/test/.m2/repository/jakarta/servlet/jakarta.servlet-api/6.0.0/jakarta.servlet-api-6.0.0.jar:/Users/test/.m2/repository/io/jsonwebtoken/jjwt-api/0.11.5/jjwt-api-0.11.5.jar:/Users/test/.m2/repository/io/jsonwebtoken/jjwt-impl/0.11.5/jjwt-impl-0.11.5.jar:/Users/test/.m2/repository/io/jsonwebtoken/jjwt-jackson/0.11.5/jjwt-jackson-0.11.5.jar:/Users/test/.m2/repository/com/fasterxml/jackson/core/jackson-databind/2.18.2/jackson-databind-2.18.2.jar:/Users/test/.m2/repository/jakarta/el/jakarta.el-api/5.0.0/jakarta.el-api-5.0.0.jar:/Users/test/.m2/repository/org/glassfish/expressly/expressly/5.0.0/expressly-5.0.0.jar:/Users/test/.m2/repository/org/springframework/boot/spring-boot-starter-oauth2-client/3.4.2/spring-boot-starter-oauth2-client-3.4.2.jar:/Users/test/.m2/repository/org/springframework/security/spring-security-core/6.4.2/spring-security-core-6.4.2.jar:/Users/test/.m2/repository/org/springframework/security/spring-security-crypto/6.4.2/spring-security-crypto-6.4.2.jar:/Users/test/.m2/repository/org/springframework/security/spring-security-oauth2-client/6.4.2/spring-security-oauth2-client-6.4.2.jar:/Users/test/.m2/repository/org/springframework/security/spring-security-oauth2-core/6.4.2/spring-security-oauth2-core-6.4.2.jar:/Users/test/.m2/repository/com/nimbusds/oauth2-oidc-sdk/9.43.4/oauth2-oidc-sdk-9.43.4.jar:/Users/test/.m2/repository/com/github/stephenc/jcip/jcip-annotations/1.0-1/jcip-annotations-1.0-1.jar:/Users/test/.m2/repository/com/nimbusds/content-type/2.2/content-type-2.2.jar:/Users/test/.m2/repository/com/nimbusds/lang-tag/1.7/lang-tag-1.7.jar:/Users/test/.m2/repository/org/springframework/security/spring-security-oauth2-jose/6.4.2/spring-security-oauth2-jose-6.4.2.jar:/Users/test/.m2/repository/com/nimbusds/nimbus-jose-jwt/9.37.3/nimbus-jose-jwt-9.37.3.jar:/Users/test/.m2/repository/org/hibernate/validator/hibernate-validator/8.0.1.Final/hibernate-validator-8.0.1.Final.jar:/Users/test/.m2/repository/org/jboss/logging/jboss-logging/3.6.1.Final/jboss-logging-3.6.1.Final.jar:/Users/test/.m2/repository/com/fasterxml/classmate/1.7.0/classmate-1.7.0.jar:/Users/test/.m2/repository/org/flywaydb/flyway-core/9.22.3/flyway-core-9.22.3.jar:/Users/test/.m2/repository/com/fasterxml/jackson/dataformat/jackson-dataformat-toml/2.18.2/jackson-dataformat-toml-2.18.2.jar:/Users/test/.m2/repository/com/google/code/gson/gson/2.11.0/gson-2.11.0.jar:/Users/test/.m2/repository/com/google/errorprone/error_prone_annotations/2.27.0/error_prone_annotations-2.27.0.jar:/Users/test/.m2/repository/org/postgresql/postgresql/42.7.5/postgresql-42.7.5.jar:/Users/test/.m2/repository/org/checkerframework/checker-qual/3.48.3/checker-qual-3.48.3.jar:/Users/test/.m2/repository/org/springframework/boot/spring-boot-starter-websocket/3.4.2/spring-boot-starter-websocket-3.4.2.jar:/Users/test/.m2/repository/org/springframework/spring-messaging/6.2.2/spring-messaging-6.2.2.jar:/Users/test/.m2/repository/org/springframework/spring-websocket/6.2.2/spring-websocket-6.2.2.jar:/Users/test/.m2/repository/org/springframework/boot/spring-boot-starter-amqp/3.4.2/spring-boot-starter-amqp-3.4.2.jar:/Users/test/.m2/repository/org/springframework/amqp/spring-rabbit/3.2.2/spring-rabbit-3.2.2.jar:/Users/test/.m2/repository/org/springframework/amqp/spring-amqp/3.2.2/spring-amqp-3.2.2.jar:/Users/test/.m2/repository/org/springframework/retry/spring-retry/2.0.11/spring-retry-2.0.11.jar:/Users/test/.m2/repository/com/rabbitmq/amqp-client/5.22.0/amqp-client-5.22.0.jar:/Users/test/.m2/repository/org/springframework/boot/spring-boot-starter-thymeleaf/3.4.2/spring-boot-starter-thymeleaf-3.4.2.jar:/Users/test/.m2/repository/org/thymeleaf/thymeleaf-spring6/3.1.3.RELEASE/thymeleaf-spring6-3.1.3.RELEASE.jar:/Users/test/.m2/repository/org/thymeleaf/thymeleaf/3.1.3.RELEASE/thymeleaf-3.1.3.RELEASE.jar:/Users/test/.m2/repository/org/attoparser/attoparser/2.0.7.RELEASE/attoparser-2.0.7.RELEASE.jar:/Users/test/.m2/repository/org/unbescape/unbescape/1.1.6.RELEASE/unbescape-1.1.6.RELEASE.jar:/Users/test/.m2/repository/org/springdoc/springdoc-openapi-starter-webmvc-ui/2.8.6/springdoc-openapi-starter-webmvc-ui-2.8.6.jar:/Users/test/.m2/repository/org/springdoc/springdoc-openapi-starter-webmvc-api/2.8.6/springdoc-openapi-starter-webmvc-api-2.8.6.jar:/Users/test/.m2/repository/org/springdoc/springdoc-openapi-starter-common/2.8.6/springdoc-openapi-starter-common-2.8.6.jar:/Users/test/.m2/repository/io/swagger/core/v3/swagger-core-jakarta/2.2.29/swagger-core-jakarta-2.2.29.jar:/Users/test/.m2/repository/io/swagger/core/v3/swagger-annotations-jakarta/2.2.29/swagger-annotations-jakarta-2.2.29.jar:/Users/test/.m2/repository/io/swagger/core/v3/swagger-models-jakarta/2.2.29/swagger-models-jakarta-2.2.29.jar:/Users/test/.m2/repository/com/fasterxml/jackson/dataformat/jackson-dataformat-yaml/2.18.2/jackson-dataformat-yaml-2.18.2.jar:/Users/test/.m2/repository/org/webjars/swagger-ui/5.20.1/swagger-ui-5.20.1.jar:/Users/test/.m2/repository/org/webjars/webjars-locator-lite/1.0.1/webjars-locator-lite-1.0.1.jar:/Users/test/.m2/repository/org/jspecify/jspecify/1.0.0/jspecify-1.0.0.jar:/Users/test/.m2/repository/org/springframework/boot/spring-boot-starter-mail/3.4.2/spring-boot-starter-mail-3.4.2.jar:/Users/test/.m2/repository/org/springframework/spring-context-support/6.2.2/spring-context-support-6.2.2.jar:/Users/test/.m2/repository/org/eclipse/angus/jakarta.mail/2.0.3/jakarta.mail-2.0.3.jar:/Users/test/.m2/repository/jakarta/activation/jakarta.activation-api/2.1.3/jakarta.activation-api-2.1.3.jar:/Users/test/.m2/repository/org/eclipse/angus/angus-activation/2.0.2/angus-activation-2.0.2.jar:/Users/test/.m2/repository/com/twilio/sdk/twilio/9.0.0/twilio-9.0.0.jar:/Users/test/.m2/repository/commons-codec/commons-codec/1.17.2/commons-codec-1.17.2.jar:/Users/test/.m2/repository/commons-io/commons-io/2.7/commons-io-2.7.jar:/Users/test/.m2/repository/org/apache/httpcomponents/httpclient/4.5.13/httpclient-4.5.13.jar:/Users/test/.m2/repository/commons-logging/commons-logging/1.2/commons-logging-1.2.jar:/Users/test/.m2/repository/org/apache/httpcomponents/httpcore/4.4.16/httpcore-4.4.16.jar:/Users/test/.m2/repository/com/fasterxml/jackson/core/jackson-core/2.18.2/jackson-core-2.18.2.jar:/Users/test/.m2/repository/com/fasterxml/jackson/core/jackson-annotations/2.18.2/jackson-annotations-2.18.2.jar:/Users/test/.m2/repository/com/fasterxml/jackson/datatype/jackson-datatype-jsr310/2.18.2/jackson-datatype-jsr310-2.18.2.jar:/Users/test/.m2/repository/com/fasterxml/jackson/dataformat/jackson-dataformat-xml/2.18.2/jackson-dataformat-xml-2.18.2.jar:/Users/test/.m2/repository/org/codehaus/woodstox/stax2-api/4.2.2/stax2-api-4.2.2.jar:/Users/test/.m2/repository/com/fasterxml/woodstox/woodstox-core/7.0.0/woodstox-core-7.0.0.jar:/Users/test/.m2/repository/org/slf4j/slf4j-api/2.0.16/slf4j-api-2.0.16.jar:/Users/test/.m2/repository/javax/xml/bind/jaxb-api/2.3.1/jaxb-api-2.3.1.jar:/Users/test/.m2/repository/javax/activation/javax.activation-api/1.2.0/javax.activation-api-1.2.0.jar:/Users/test/.m2/repository/org/json/json/20220320/json-20220320.jar:/Users/test/.m2/repository/org/springframework/boot/spring-boot-starter-test/3.4.2/spring-boot-starter-test-3.4.2.jar:/Users/test/.m2/repository/org/springframework/boot/spring-boot-test/3.4.2/spring-boot-test-3.4.2.jar:/Users/test/.m2/repository/org/springframework/boot/spring-boot-test-autoconfigure/3.4.2/spring-boot-test-autoconfigure-3.4.2.jar:/Users/test/.m2/repository/com/jayway/jsonpath/json-path/2.9.0/json-path-2.9.0.jar:/Users/test/.m2/repository/jakarta/xml/bind/jakarta.xml.bind-api/4.0.2/jakarta.xml.bind-api-4.0.2.jar:/Users/test/.m2/repository/net/minidev/json-smart/2.5.1/json-smart-2.5.1.jar:/Users/test/.m2/repository/net/minidev/accessors-smart/2.5.1/accessors-smart-2.5.1.jar:/Users/test/.m2/repository/org/ow2/asm/asm/9.6/asm-9.6.jar:/Users/test/.m2/repository/org/assertj/assertj-core/3.26.3/assertj-core-3.26.3.jar:/Users/test/.m2/repository/org/awaitility/awaitility/4.2.2/awaitility-4.2.2.jar:/Users/test/.m2/repository/org/hamcrest/hamcrest/2.2/hamcrest-2.2.jar:/Users/test/.m2/repository/org/junit/jupiter/junit-jupiter/5.11.4/junit-jupiter-5.11.4.jar:/Users/test/.m2/repository/org/junit/jupiter/junit-jupiter-api/5.11.4/junit-jupiter-api-5.11.4.jar:/Users/test/.m2/repository/org/opentest4j/opentest4j/1.3.0/opentest4j-1.3.0.jar:/Users/test/.m2/repository/org/junit/platform/junit-platform-commons/1.11.4/junit-platform-commons-1.11.4.jar:/Users/test/.m2/repository/org/apiguardian/apiguardian-api/1.1.2/apiguardian-api-1.1.2.jar:/Users/test/.m2/repository/org/junit/jupiter/junit-jupiter-params/5.11.4/junit-jupiter-params-5.11.4.jar:/Users/test/.m2/repository/org/junit/jupiter/junit-jupiter-engine/5.11.4/junit-jupiter-engine-5.11.4.jar:/Users/test/.m2/repository/org/junit/platform/junit-platform-engine/1.11.4/junit-platform-engine-1.11.4.jar:/Users/test/.m2/repository/org/mockito/mockito-junit-jupiter/5.14.2/mockito-junit-jupiter-5.14.2.jar:/Users/test/.m2/repository/org/skyscreamer/jsonassert/1.5.3/jsonassert-1.5.3.jar:/Users/test/.m2/repository/com/vaadin/external/google/android-json/0.0.20131108.vaadin1/android-json-0.0.20131108.vaadin1.jar:/Users/test/.m2/repository/org/springframework/spring-core/6.2.2/spring-core-6.2.2.jar:/Users/test/.m2/repository/org/springframework/spring-jcl/6.2.2/spring-jcl-6.2.2.jar:/Users/test/.m2/repository/org/springframework/spring-test/6.2.2/spring-test-6.2.2.jar:/Users/test/.m2/repository/org/xmlunit/xmlunit-core/2.10.0/xmlunit-core-2.10.0.jar:/Users/test/.m2/repository/org/mockito/mockito-core/5.14.2/mockito-core-5.14.2.jar:/Users/test/.m2/repository/net/bytebuddy/byte-buddy/1.15.11/byte-buddy-1.15.11.jar:/Users/test/.m2/repository/net/bytebuddy/byte-buddy-agent/1.15.11/byte-buddy-agent-1.15.11.jar:/Users/test/.m2/repository/org/objenesis/objenesis/3.3/objenesis-3.3.jar:/Users/test/.m2/repository/com/h2database/h2/2.3.232/h2-2.3.232.jar:/Users/test/.m2/repository/org/springframework/boot/spring-boot-autoconfigure/3.4.2/spring-boot-autoconfigure-3.4.2.jar:/Users/test/.m2/repository/org/springframework/boot/spring-boot/3.4.2/spring-boot-3.4.2.jar:/Users/test/.m2/repository/com/cloudinary/cloudinary-http44/1.33.0/cloudinary-http44-1.33.0.jar:/Users/test/.m2/repository/com/cloudinary/cloudinary-core/1.33.0/cloudinary-core-1.33.0.jar:/Users/test/.m2/repository/org/apache/commons/commons-lang3/3.17.0/commons-lang3-3.17.0.jar:/Users/test/.m2/repository/org/apache/httpcomponents/httpmime/4.4/httpmime-4.4.jar:"/>
    <property name="sun.cpu.endian" value="little"/>
    <property name="user.home" value="/Users/test"/>
    <property name="user.language" value="en"/>
    <property name="java.specification.vendor" value="Oracle Corporation"/>
    <property name="java.version.date" value="2025-01-21"/>
    <property name="java.home" value="/usr/local/Cellar/openjdk/23.0.2/libexec/openjdk.jdk/Contents/Home"/>
    <property name="file.separator" value="/"/>
    <property name="basedir" value="/Users/test/FlywayMigration"/>
    <property name="java.vm.compressedOopsMode" value="Zero based"/>
    <property name="line.separator" value="&#10;"/>
    <property name="java.vm.specification.vendor" value="Oracle Corporation"/>
    <property name="java.specification.name" value="Java Platform API Specification"/>
    <property name="FILE_LOG_CHARSET" value="UTF-8"/>
    <property name="java.awt.headless" value="true"/>
    <property name="apple.awt.application.name" value="ForkedBooter"/>
    <property name="surefire.real.class.path" value="/Users/test/FlywayMigration/target/surefire/surefirebooter-20250612234003608_3.jar"/>
    <property name="sun.management.compiler" value="HotSpot 64-Bit Tiered Compilers"/>
    <property name="ftp.nonProxyHosts" value="local|*.local|169.254/16|*.169.254/16"/>
    <property name="java.runtime.version" value="23.0.2"/>
    <property name="user.name" value="test"/>
    <property name="stdout.encoding" value="UTF-8"/>
    <property name="path.separator" value=":"/>
    <property name="os.version" value="13.7.6"/>
    <property name="java.runtime.name" value="OpenJDK Runtime Environment"/>
    <property name="file.encoding" value="UTF-8"/>
    <property name="java.vm.name" value="OpenJDK 64-Bit Server VM"/>
    <property name="java.vendor.version" value="Homebrew"/>
    <property name="localRepository" value="/Users/test/.m2/repository"/>
    <property name="java.vendor.url.bug" value="https://github.com/Homebrew/homebrew-core/issues"/>
    <property name="java.io.tmpdir" value="/var/folders/jc/f61dg70x3hq12thx8khb52rw0000gn/T/"/>
    <property name="com.zaxxer.hikari.pool_number" value="1"/>
    <property name="java.version" value="23.0.2"/>
    <property name="user.dir" value="/Users/test/FlywayMigration"/>
    <property name="os.arch" value="x86_64"/>
    <property name="java.vm.specification.name" value="Java Virtual Machine Specification"/>
    <property name="PID" value="19995"/>
    <property name="CONSOLE_LOG_CHARSET" value="UTF-8"/>
    <property name="native.encoding" value="UTF-8"/>
    <property name="java.library.path" value="/Users/test/Library/Java/Extensions:/Library/Java/Extensions:/Network/Library/Java/Extensions:/System/Library/Java/Extensions:/usr/lib/java:."/>
    <property name="java.vm.info" value="mixed mode, sharing"/>
    <property name="stderr.encoding" value="UTF-8"/>
    <property name="java.vendor" value="Homebrew"/>
    <property name="java.vm.version" value="23.0.2"/>
    <property name="sun.io.unicode.encoding" value="UnicodeBig"/>
    <property name="socksNonProxyHosts" value="local|*.local|169.254/16|*.169.254/16"/>
    <property name="java.class.version" value="67.0"/>
    <property name="LOGGED_APPLICATION_NAME" value="[hibernate-lms-application] "/>
  </properties>
  <testcase name="contextLoads" classname="com.example.lms.HibernateLmsApplicationTests" time="0.597">
    <system-out><![CDATA[Standard Commons Logging discovery in action with spring-jcl: please remove commons-logging.jar from classpath in order to avoid potential conflicts
23:40:05.116 [main] INFO org.springframework.test.context.support.AnnotationConfigContextLoaderUtils -- Could not detect default configuration classes for test class [com.example.lms.HibernateLmsApplicationTests]: HibernateLmsApplicationTests does not declare any static, non-private, non-final, nested classes annotated with @Configuration.
23:40:05.299 [main] INFO org.springframework.boot.test.context.SpringBootTestContextBootstrapper -- Found @SpringBootConfiguration com.example.lms.HibernateLmsApplication for test class com.example.lms.HibernateLmsApplicationTests

  .   ____          _            __ _ _
 /\\ / ___'_ __ _ _(_)_ __  __ _ \ \ \ \
( ( )\___ | '_ | '_| | '_ \/ _` | \ \ \ \
 \\/  ___)| |_)| | | | | || (_| |  ) ) ) )
  '  |____| .__|_| |_|_| |_\__, | / / / /
 =========|_|==============|___/=/_/_/_/

 :: Spring Boot ::                (v3.4.2)

2025-06-12T23:40:05.974+01:00  WARN 19995 --- [hibernate-lms-application] [           main] ory$DuplicateJsonObjectContextCustomizer : 

Found multiple occurrences of org.json.JSONObject on the class path:

	jar:file:/Users/test/.m2/repository/org/json/json/20220320/json-20220320.jar!/org/json/JSONObject.class
	jar:file:/Users/test/.m2/repository/com/vaadin/external/google/android-json/0.0.20131108.vaadin1/android-json-0.0.20131108.vaadin1.jar!/org/json/JSONObject.class

You may wish to exclude one of them to ensure predictable runtime behavior

2025-06-12T23:40:06.000+01:00  INFO 19995 --- [hibernate-lms-application] [           main] c.e.lms.HibernateLmsApplicationTests     : Starting HibernateLmsApplicationTests using Java 23.0.2 with PID 19995 (started by test in /Users/test/FlywayMigration)
2025-06-12T23:40:06.000+01:00  INFO 19995 --- [hibernate-lms-application] [           main] c.e.lms.HibernateLmsApplicationTests     : The following 1 profile is active: "local"
2025-06-12T23:40:06.046+01:00 DEBUG 19995 --- [hibernate-lms-application] [           main] o.s.w.c.s.GenericWebApplicationContext   : Refreshing org.springframework.web.context.support.GenericWebApplicationContext@742d4e15
2025-06-12T23:40:07.476+01:00  INFO 19995 --- [hibernate-lms-application] [           main] .s.d.r.c.RepositoryConfigurationDelegate : Bootstrapping Spring Data JPA repositories in DEFAULT mode.
2025-06-12T23:40:07.612+01:00  INFO 19995 --- [hibernate-lms-application] [           main] .s.d.r.c.RepositoryConfigurationDelegate : Finished Spring Data repository scanning in 122 ms. Found 7 JPA repository interfaces.
2025-06-12T23:40:09.107+01:00  INFO 19995 --- [hibernate-lms-application] [           main] o.s.o.j.p.SpringPersistenceUnitInfo      : No LoadTimeWeaver setup: ignoring JPA class transformer
2025-06-12T23:40:09.150+01:00  INFO 19995 --- [hibernate-lms-application] [           main] com.zaxxer.hikari.HikariDataSource       : HikariPool-1 - Starting...
2025-06-12T23:40:09.592+01:00  INFO 19995 --- [hibernate-lms-application] [           main] com.zaxxer.hikari.pool.HikariPool        : HikariPool-1 - Added connection org.postgresql.jdbc.PgConnection@74431832
2025-06-12T23:40:09.594+01:00  INFO 19995 --- [hibernate-lms-application] [           main] com.zaxxer.hikari.HikariDataSource       : HikariPool-1 - Start completed.
2025-06-12T23:40:12.419+01:00  INFO 19995 --- [hibernate-lms-application] [           main] j.LocalContainerEntityManagerFactoryBean : Initialized JPA EntityManagerFactory for persistence unit 'default'
2025-06-12T23:40:13.015+01:00  INFO 19995 --- [hibernate-lms-application] [           main] eAuthenticationProviderManagerConfigurer : Global AuthenticationManager configured with AuthenticationProvider bean with name authenticationProvider
2025-06-12T23:40:13.016+01:00  WARN 19995 --- [hibernate-lms-application] [           main] r$InitializeUserDetailsManagerConfigurer : Global AuthenticationManager configured with an AuthenticationProvider bean. UserDetailsService beans will not be used by Spring Security for automatically configuring username/password login. Consider removing the AuthenticationProvider bean. Alternatively, consider using the UserDetailsService in a manually instantiated DaoAuthenticationProvider. If the current configuration is intentional, to turn off this warning, increase the logging level of 'org.springframework.security.config.annotation.authentication.configuration.InitializeUserDetailsBeanManagerConfigurer' to ERROR
2025-06-12T23:40:13.061+01:00  INFO 19995 --- [hibernate-lms-application] [           main] o.s.d.j.r.query.QueryEnhancerFactory     : Hibernate is in classpath; If applicable, HQL parser will be used.
2025-06-12T23:40:14.504+01:00 DEBUG 19995 --- [hibernate-lms-application] [           main] o.s.w.s.s.s.WebSocketHandlerMapping      : Patterns [/ws/**] in 'stompWebSocketHandlerMapping'
2025-06-12T23:40:14.665+01:00  WARN 19995 --- [hibernate-lms-application] [           main] JpaBaseConfiguration$JpaWebConfiguration : spring.jpa.open-in-view is enabled by default. Therefore, database queries may be performed during view rendering. Explicitly configure spring.jpa.open-in-view to disable this warning
2025-06-12T23:40:14.782+01:00 DEBUG 19995 --- [hibernate-lms-application] [           main] .WebSocketAnnotationMethodMessageHandler : 
	c.e.l.a.AssignmentController:
	
2025-06-12T23:40:14.782+01:00 DEBUG 19995 --- [hibernate-lms-application] [           main] .WebSocketAnnotationMethodMessageHandler : 
	c.e.l.a.AuthController:
	
2025-06-12T23:40:14.783+01:00 DEBUG 19995 --- [hibernate-lms-application] [           main] .WebSocketAnnotationMethodMessageHandler : 
	c.e.l.a.OAuth2AuthController:
	
2025-06-12T23:40:14.786+01:00 DEBUG 19995 --- [hibernate-lms-application] [           main] .WebSocketAnnotationMethodMessageHandler : 
	c.e.l.c.ChatController:
	{[MESSAGE],[/chat.addUser]}: addUser(ChatMessage)
	{[MESSAGE],[/chat.sendMessage]}: sendMessage(ChatMessage)
2025-06-12T23:40:14.788+01:00 DEBUG 19995 --- [hibernate-lms-application] [           main] .WebSocketAnnotationMethodMessageHandler : 
	c.e.l.c.CourseController:
	
2025-06-12T23:40:14.789+01:00 DEBUG 19995 --- [hibernate-lms-application] [           main] .WebSocketAnnotationMethodMessageHandler : 
	c.e.l.e.EnrollmentController:
	
2025-06-12T23:40:14.789+01:00 DEBUG 19995 --- [hibernate-lms-application] [           main] .WebSocketAnnotationMethodMessageHandler : 
	c.e.l.l.LessonController:
	
2025-06-12T23:40:14.789+01:00 DEBUG 19995 --- [hibernate-lms-application] [           main] .WebSocketAnnotationMethodMessageHandler : 
	c.e.l.p.PaymentController:
	
2025-06-12T23:40:14.789+01:00 DEBUG 19995 --- [hibernate-lms-application] [           main] .WebSocketAnnotationMethodMessageHandler : 
	c.e.l.s.SocialMediaProfileController:
	
2025-06-12T23:40:14.789+01:00 DEBUG 19995 --- [hibernate-lms-application] [           main] .WebSocketAnnotationMethodMessageHandler : 
	c.e.l.s.SubmissionController:
	
2025-06-12T23:40:14.789+01:00 DEBUG 19995 --- [hibernate-lms-application] [           main] .WebSocketAnnotationMethodMessageHandler : 
	c.e.l.u.UserController:
	
2025-06-12T23:40:14.792+01:00 DEBUG 19995 --- [hibernate-lms-application] [           main] .WebSocketAnnotationMethodMessageHandler : 
	o.s.b.a.w.s.e.BasicErrorController:
	
2025-06-12T23:40:14.799+01:00 DEBUG 19995 --- [hibernate-lms-application] [           main] .WebSocketAnnotationMethodMessageHandler : 
	o.s.w.a.OpenApiWebMvcResource:
	
2025-06-12T23:40:14.799+01:00 DEBUG 19995 --- [hibernate-lms-application] [           main] .WebSocketAnnotationMethodMessageHandler : 
	o.s.w.u.SwaggerWelcomeWebMvc:
	
2025-06-12T23:40:14.800+01:00 DEBUG 19995 --- [hibernate-lms-application] [           main] .WebSocketAnnotationMethodMessageHandler : 
	o.s.w.u.SwaggerConfigResource:
	
2025-06-12T23:40:15.032+01:00 DEBUG 19995 --- [hibernate-lms-application] [           main] s.w.s.m.m.a.RequestMappingHandlerMapping : 53 mappings in 'requestMappingHandlerMapping'
2025-06-12T23:40:15.120+01:00  WARN 19995 --- [hibernate-lms-application] [           main] o.s.w.s.resource.ResourceHandlerUtils    : Appended trailing slash to static resource location: file:///Users/test/FlywayMigration/uploads/
2025-06-12T23:40:15.122+01:00 DEBUG 19995 --- [hibernate-lms-application] [           main] o.s.w.s.handler.SimpleUrlHandlerMapping  : Patterns [/webjars/**, /**, /uploads/**, /swagger-ui*/*swagger-initializer.js, /swagger-ui*/**] in 'resourceHandlerMapping'
2025-06-12T23:40:15.487+01:00 DEBUG 19995 --- [hibernate-lms-application] [           main] s.w.s.m.m.a.RequestMappingHandlerAdapter : ControllerAdvice beans: 0 @ModelAttribute, 0 @InitBinder, 1 RequestBodyAdvice, 1 ResponseBodyAdvice
2025-06-12T23:40:15.550+01:00  WARN 19995 --- [hibernate-lms-application] [           main] ion$DefaultTemplateResolverConfiguration : Cannot find template location: classpath:/templates/ (please add some templates, check your Thymeleaf configuration, or set spring.thymeleaf.check-template-location=false)
2025-06-12T23:40:15.575+01:00 DEBUG 19995 --- [hibernate-lms-application] [           main] .m.m.a.ExceptionHandlerExceptionResolver : ControllerAdvice beans: 2 @ExceptionHandler, 1 ResponseBodyAdvice
2025-06-12T23:40:16.169+01:00 DEBUG 19995 --- [hibernate-lms-application] [           main] org.springframework.web.SimpLogging      : clientOutboundChannel added SubProtocolWebSocketHandler[StompSubProtocolHandler[v10.stomp, v11.stomp, v12.stomp]]
2025-06-12T23:40:16.169+01:00 DEBUG 19995 --- [hibernate-lms-application] [           main] org.springframework.web.SimpLogging      : clientInboundChannel added WebSocketAnnotationMethodMessageHandler[prefixes=[/app/]]
2025-06-12T23:40:16.169+01:00  INFO 19995 --- [hibernate-lms-application] [           main] o.s.m.s.b.SimpleBrokerMessageHandler     : Starting...
2025-06-12T23:40:16.169+01:00 DEBUG 19995 --- [hibernate-lms-application] [           main] org.springframework.web.SimpLogging      : clientInboundChannel added SimpleBrokerMessageHandler [org.springframework.messaging.simp.broker.DefaultSubscriptionRegistry@74d56a25]
2025-06-12T23:40:16.170+01:00 DEBUG 19995 --- [hibernate-lms-application] [           main] org.springframework.web.SimpLogging      : brokerChannel added SimpleBrokerMessageHandler [org.springframework.messaging.simp.broker.DefaultSubscriptionRegistry@74d56a25]
2025-06-12T23:40:16.170+01:00  INFO 19995 --- [hibernate-lms-application] [           main] o.s.m.s.b.SimpleBrokerMessageHandler     : BrokerAvailabilityEvent[available=true, SimpleBrokerMessageHandler [org.springframework.messaging.simp.broker.DefaultSubscriptionRegistry@74d56a25]]
2025-06-12T23:40:16.172+01:00  INFO 19995 --- [hibernate-lms-application] [           main] o.s.m.s.b.SimpleBrokerMessageHandler     : Started.
2025-06-12T23:40:16.172+01:00 DEBUG 19995 --- [hibernate-lms-application] [           main] org.springframework.web.SimpLogging      : clientInboundChannel added UserDestinationMessageHandler[DefaultUserDestinationResolver[prefix=/user/]]
2025-06-12T23:40:16.172+01:00 DEBUG 19995 --- [hibernate-lms-application] [           main] org.springframework.web.SimpLogging      : brokerChannel added UserDestinationMessageHandler[DefaultUserDestinationResolver[prefix=/user/]]
2025-06-12T23:40:16.184+01:00  INFO 19995 --- [hibernate-lms-application] [           main] c.e.lms.HibernateLmsApplicationTests     : Started HibernateLmsApplicationTests in 10.654 seconds (process running for 12.437)
]]></system-out>
    <system-err><![CDATA[Mockito is currently self-attaching to enable the inline-mock-maker. This will no longer work in future releases of the JDK. Please add Mockito as an agent to your build what is described in Mockito's documentation: https://javadoc.io/doc/org.mockito/mockito-core/latest/org/mockito/Mockito.html#0.3
WARNING: A Java agent has been loaded dynamically (/Users/test/.m2/repository/net/bytebuddy/byte-buddy-agent/1.15.11/byte-buddy-agent-1.15.11.jar)
WARNING: If a serviceability tool is in use, please run with -XX:+EnableDynamicAgentLoading to hide this warning
WARNING: If a serviceability tool is not in use, please run with -Djdk.instrument.traceUsage for more information
WARNING: Dynamic loading of agents will be disallowed by default in a future release
]]></system-err>
  </testcase>
</testsuite>